133250
98611
329429
102216
273737
192178
594072
421303
15132
306564
79578
214084
182558
743
57570
12814
67343
969
415417
199721
402954
408277
310449
415242
31661
39306
75382
297283
161431
362283
25120
10737
55433
99917
5297
123095
6002
2245
87486
147910
77273
904
95058
76802
110652
112930
95426
47550
80161
51819
107317
58806
90062
98143
133704
74379
780
44312
24195
2659
156254
100397
213515
50349
349672
94029
288638
53367
5491
5401
77379
39342
57944
13081
126601
130929
310780
267809
91957
138240
92445
127106
90524
143745
76344
78854
108069
3111
125740
171010
2517
3524
1915
4466
132808
2982
126986
43971
72509
72295
22353
32888
100752
1309
16096
25566
4716
4207
100970
203212
460058
718
758
728
36872
747128
73822
111174
276941
26087
642
1994
53428
251447
6266
2127
54149
72515
110488
491659
1318
11343
331
65133
78447
88893
111514
121531
75522
158343
87889
22349
148892
148955
43748
430490
96939
87471
89198
23252
5347
4703
157182
123885
21930
95323
76876
94169
211326
2044
531
917
2138
3452
54862
4148
659
83279
261257
45823
57589
217551
268465
377769
68250
173188
49632
53758
55301
196769
165310
196336
14331
266518
101762
267419
137906
26572
524252
34986
1215
1471
294619
136404
253084
90521
57526
747128
60008
1450
747
210277
188990
118704
177586
86282
85104
77560
69603
65841
400362
356261
228975
256082
205092
219464
402371
398303
410846
500801
91542
114866
430826
181179
80726
55334
218614
121114
44423
89046
5183
87925
1899
50929
172791
82026
380398
229819
148946
151621
72251
88252
118169
81438
2726
89296
73951
76998
76772
42204
12936
51324
27424
146308
61636
124402
3315
55209
54409
60620
49204
5273
4643
4862
4765
4937
4873
4718
20067
1410
2052
92557
80059
47654
23974
46033
31984
9665
18266
5982
25674
41364
136287
1926
24120
192921
77696
31476
24903
50079
26250
149400
46487
528082
42496
45055
28049
29063
140313
49090
24251
24856
26039
43616
23124
5124
3377
24538
28980
25808
537508
7477
288663
24345
25842
28801
89721
41027
22236
324476
320608
326862
329845
320182
322516
326053
274541
326253
327510
293180
322904
334877
322821
67525
38798
25970
264923
145426
4340
174123
143856
304198
229342
286685
62862
17378
811904
147884
175078
324986
162324
1848
4670
283573
9055
65677
98212
290012
85297
147871
126120
15887
137801
282983
3412
1733
316540
47729
33124
353260
306540
172698
294893
142984
261606
211687
6004
254949
2991
375026
323751
323701
328930
6816
104710
3513
75517
145498
89832
40215
258576
130784
3240
22251
64232
232980
171505
182091
298684
1221
142411
241278
245520
167576
63628
35047
57153
4626
4689
69966
45601
3090
267939
111020
61637
58096
296456
49112
1273
32747
493553
1398
1394
1398
5233
7668
6450
154001
3261
28316
78889
46383
155582
155687
178334
171256
138266
169634
178655
150267
161408
152736
157467
134256
155167
133333
165958
136408
156892
160464
186639
266630
224510
332344
49288
59989
150326
29706
24249
24015
45111
30921
23233
44555
44157
29189
213695
190768
212481
24914
21869
25696
25837
29877
49463
26583
547294
45289
26486
4345
25354
205
493010
532034
23758
23155
36866
41745
24500
24066
127505
90073
111652
559637
113919
289657
92301
3072
152226
23383
520785
99276
335490
26680
24053
6065
89730
95777
26146
32653
26154
25699
26963
67162
18778
31076
31330
25462
26553
25965
24850
24521
25477
1683
32750
25174
25437
44165
67882
33415
62809
28069
24629
10964
45931
25106
27308
24994
25716
49830
46890
523336
25353
25278
16903
259
26397
538860
25882
24903
524511
20168
21071
19067
3242
27409
181267
70475
31929
23184
33511
116934
528973
171
885
263256
510147
26171
3756
533420
1095
12823
22645
22988
183323
48467
5890
58460
24738
191430
23946
3420
18929
24235
501616
127292
25161
502181
23786
14235
25201
41338
534401
34268
2917
540
26435
188817
25339
25538
31757
56457
78278
197690
202461
190889
196434
2555320
79207
107835
156016
102644
110799
104049
103844
566
25186
23979
27985
24765
533788
23367
50207
45422
523484
1452
607
24503
22961
1331
145827
22975
12036
47275
51481
53905
27575
25743
45314
44140
25373
25228
28738
86076
196713
85338
88806
227821
349029
2123
3817
543256
144661
170499
540544
1656
26196
25669
7045
26009
25826
30281
2396
24913
24772
2905
2780
23040
24615
212209
496263
505451
25441
23122
3088
22776
25777
25154
73806
64468
3391
25506
24572
25349
29911
68831
33471
19636
29551
34216
82349
3290
27817
24034
26569
26814
81130
25391
536205
532368
72383
48003
812822
77691
203319
14426
77216
47591
27073
1729
9294
88926
23619
50979
24287
181642
199372
201801
179199
185942
77573
205923
557651
526976
144316
110117
125035
91820
332000
23759
193479
1365
499949
526463
745
455231
507858
7799
82464
113931
92623
113980
134337
113703
101870
116634
114047
87855
97794
149444
104819
115738
39270
105748
64541
131646
80723
6541
27430
15431
23630
16165
344197
33458
3352
2630
239552
93203
323375
96195
206103
210192
27751
247911
27898
272808
128098
27404
257225
1718
5977
16920
16192
14318
90110
23346
105753
18954
165946
93467
22425
340239
19146
153432
210305
222969
80098
80854
16664
88410
56866
153342
23946
159092
89793
76592
220797
17595
20183
20167
90170
85999
237269
2591
5840
3123
140856
129064
69070
1720625
74425
72686
73967
74136
72028
76001
3123
69816
2012975
1287803
71031
81123
119466
75980
113657
465986
454459
510349
6722
10469
12486
2904
12671
54359
100750
92945
102829
26838
262155
101469
60110
109149
101503
101605
305526
103387
138694
27145
27521
102121
100708
103808
105051
321945
100228
282316
100974
27288
245217
101394
70115
101566
26936
794
70128
3623
189494
49420
54997
110802
110080
102114
112781
26768
83104
99658
6262
2914
4866
100381
69312
67362
76910
83124
69807
62032
8728
13310
12569
16269
55447
2722
932
376
252
68600
2167
194568
194631
94183
122006
530385
529343
533680
586986
535736
533422
533773
2917
62136
26687
195337
344928
90296
1824
114642
10519
4427
53659
238520
277984
236751
305464
451144
195174
77482
2158447
90722
4496
270793
3532
8680
148954
120546
3281
1070
449160
394983
14885
34570
45782
69229
4056
2657
88053
3865
94373
91464
1788
15022
39848
1441
3464
86294
246571
2432
138637
11007
69506
150570
167095
325656
82769
9597
16668
19455
902
36946
52005
4073
4408
27757
10893
68229
14301
66127
21908
36975
3955
1039
194535
195442
3063
19947
6658
1009
52813
534945
535827
35391
3159
8643
22472
29371
246
78294
384922
5981
2505
21711
51976
4895
150650
279713
77576
78025
3846
204824
1074
257
1003
27389
40270
3048
57608
19769
11290
177971
100807
267861
281268
102265
688
285917
90520
49998
34735
13936
33919
59112
44620
150945
281545
11658
59674
489426
157835
4499
126713
188753
181776
2340
2206
3679
38710
1470
2279
8742
8744
2719
36715
45962
15114
2348
27570
81737
8735
12237
80986
111336
195063
190809
275133
228502
3221
3731
237777
335395
139080
89507
209153
32351
29472
49609
33687
35066
34160
34506
296781
17272
286018
11080
197349
48880
5207
298731
20080
18658
112564
158136
72365
111207
256414
142232
94497
73573
19118
154142
203956
141341
20542
17396
3641
701
5020
4244
20312
20939
24618
45057
31102
19677
65596
73503
46713
50544
1697
115150
162932
408336
486806
430592
459399
496261
474695
5804
472165
118294
49067
13365
11708
14327
15872
56422
165142
123357
35029
139449
54229
13689
14542
7871
262222
72726
46303
69724
110080
106664
28250
8818
3161
8543
69607
56743
48980
28036
45428
50784
73535
1773
5516
67650
4492
68185
68719
14246
13922
18182
58084
270819
1008
297558
2084608
181373
412598
129324
76233
62393
435316
67816
435813
260513
21518
209717
195369
194374
195158
194183
194682
194868
34432
33579
48370
35027
194812
193930
195532
255109
28348
17252
35036
223233
35186
78737
156754
155830
342987
77376
80085
302353
69607
45528
77578
536246
533132
532835
536313
533387
35815
56400
54342
127704
55609
92325
286802
260923
259129
284483
218802
34308
6104
112172
109603
527476
531087
532026
136803
142683
212969
33667
215098
3819
3713
27477
25
58258
10252
178234
3665
6308
2251
1943
2316
62897
2756
2895
14225
9877
2882
25
1755
782
61417
743
1707
715
496
63784
109917
2246
78477
34623
306419
17913
18311
28140
21000
20784
20643
16773
15812
23350
17853
17279
18442
14351
15858
17616
18108
17689
15873
15561
25397
26318
15266
54997
98883
101690
5508
695
703
2022
5978
3007
1812
64421
107903
17582
2146
18272
116940
2011
66004
41819
781
5364
727
11890
69680
45688
27821
39300
24957
56431
72542
80362
83407
2393
3343
197
2109
7281
65798
198943
6045
14516
6615
45882
1139
221283
728
15312
3248
4248
3322
2201
1875
54752
107563
105152
4038
6023
95871
10931
21683
18980
1031
108373
361606
16245
117454
910
56842
25704
8200
64555
16572
1357
22156
23579
2717
1850
43393
140799
97454
121512
93691
3334
26375
71936
11268
207
28083
9435
50016
43200
43794
6839
710
7752
16213
18472
18921
19834
15206
5354
16086
16493
15850
21345
23957
14448
19297
15405
14457
17421
16375
14850
14247
16793
15097
18425
15018
21516
16126
17680
15047
31478
18276
74456
77168
127811
16124
81019
1600
70519
66754
12632
19856
736
1609
104722
26875
5588
18125
4697
2590
68699
151
4380
57106
13190
15401
15240
15281
15083
15312
15189
15360
15213
25165
15212
30016
15177
40887
16226
8766
731
76472
3773
46790
67589
57428
36940
795
19007
18709
17180
17854
17774
14900
16651
15377
14150
17139
44518
30799
184
85164
73718
110750
84932
48028
197482
62012
117148
124806
78524
43987
36712
17676
1668
5074
51533
85753
8650
5398
6004
1909
36378
185
2538
90882
99453
92477
91347
93202
3142
53022
50912
38529
56916
1993
19237
29703
17350
33585
34145
17839
17725
161
15606
3681
4173
9368
600
7984
21227
9423
717
22114
85023
51315
14039
38208
71013
360389
585
96697
24022
771
27979
1447
162
3061
57843
2516
3638
21314
185
713
77222
110317
78488
112933
75143
71486
76166
70738
117361
90653
6555
731
21088
20777
41294
14839
19489
2263
2128
126718
3568
89170
24319
44068
113
101782
129251
48449
9090
141720
148379
150031
3474
14176
16276
62472
19443
9668
22450
59716
43118
36157
17614
18258
14978
16494
51908
1940
15737
50249
17015
34729
16472
52717
16778
15842
15728
15837
16643
56214
61614
15216
15704
15854
204
16730
16659
46934
48989
49016
15735
45088
55031
16234
15720
75496
15721
740
15758
15789
15576
15699
16262
21696
34841
15674
14996
47356
16979
16004
53853
46951
51862
46693
15590
15693
15746
15661
15822
18171
15870
48583
15757
50944
28223
15594
16115
20106
700
30733
15657
15785
51119
15744
16610
16932
56104
30102
148
45643
228
126508
63507
6732
60418
3408
28417
127502
124951
66088
58524
42375
133683
54749
93133
74862
71683
82432
95004
148355
60143
58779
105704
68145
56963
56259
42194
71857
47620
79341
85600
107457
86276
20775
14116
33770
13323
89739
22670
12920
17615
1731
1707
364710
23985
4774
79869
1882
1950
2394
5984
276311
15643
17712
16951
18182
18705
16375
17037
18004
18588
17799
17683
16502
15984
17559
3229
4070
14570
698
5380
60847
160503
25320
21636
706
731
1708
13757
46201
110540
2150
1753
155779
1028
155
131518
5279
77191
17622
9501
20158
34726
35931
15994
30650
17668
35993
18334
40564
35918
18171
19641
15989
15540
16792
17649
19418
50640
57511
72822
35533
15750
39791
70753
13677
17112
19462
736
20739
12439
63796
1569
15929
730
61785
14275
16033
790
16276
36200
52958
52805
136751
59061
6338
3795
78231
62949
9685
1756
2154
159529
88351
22228
52492
71774
16520
49134
71035
19732
88814
181
67660
1541
5441
64615
75437
64074
58447
58527
55459
71548
58912
52852
68978
64561
165
23525
8213
6608
28135
65754
1364
201
1702
2199
9252
1761
11062
3302
2453
694
42638
138004
760
3406
716
8404
34470
16702
22996
21955
33424
760
1656
4033
1431
690
20888
78639
178
1637
35990
20948
17897
17839
17478
16764
17485
35848
73377
2829
59311
15754
40257
36738
27739
29465
35967
15470
18185
17156
15963
17764
44946
69388
15640
48493
34871
37796
35473
51927
36220
37368
19025
30727
5280
33376
80803
112815
25256
132592
778
19377
207314
124502
9965
230551
173258
94204
235122
187123
188830
206087
102205
83334
76692
209588
13224
155074
201301
190838
49842
54722
207342
207245
52080
179171
51797
54773
52248
206712
29016
165223
37038
385
151316
141905
895
478715
177150
68264
66669
66848
349
61313
733
336
1301
99646
13258
39438
29544
29012
31014
29761
1394
161555
171459
231949
229404
11576
13428
29830
16894
3238
135419
67212
115181
59708
72888
73684
92049
9730
161506
948
68830
1166
696073
3759
5046
3936
644
4466
2278
2450
2872
177023
46054
1163
83954
10133
7082
6320
77
989
4837
86059
177494
206315
1138
18009
67398
64811
93050
72616
65285
66483
48398
63063
204767
65961
66387
65903
68974
2795
32030
320349
2422
36532
61313
61313
92861
58691
61352
1736
40057
43956
95790
1432
745058
2869
113442
2584
10996
13458
1870
668149
6371
106300
326971
110700
76300
84508
107664
403842
3524
689730
3504
95753
45453
172893
4397
17353
12910
223755
808176
30964
1892
1993
2337
4288
1766
2529
83314
502890
161736
65517
85858
3399
465038
1509
1718
206782
631320
351259
278646
19383
126706
1628
79929
184738
55235
2587
91282
144173
87976
449215
517683
7050
645065
97124
195009
181030
23729
349809
51392
65596
66427
65313
247167
16811
5820
12640
4506
8426
36724
16831
13614
21184
5054
326513
84407
89124
87853
86711
482814
12896
5511
17530
76539
71184
17916
55349
73933
24418
55511
55708
68424
101247
192308
89625
116298
171180
19487
18191
934
96481
341
65763
49286
1613
2777
81246
421
26875
212886
128269
210637
64500
65535
66290
71900
171209
139386
66126
122173
64536
209244
173722
402
148751
27003
74610
2846
2201
363
64635
2573
18525
51994
212654
73923
66860
33163
27782
30275
32101
49821
21563
33812
29417
30832
26182
46955
25159
23934
34287
29740
24475
81410
81244
81208
81394
2384
1738
55108
2061
917
2225
2441
2556
2477
987
23604
14790
1062
84956
7915
61469
57019
327
76884
40070
96566
178761
70874
91441
70466
97517
68623
2585
6314
1005
16893
65722
495662
398064
88537
3834
1770
97837
96220
339260
33611
110768
343315
92598
4370
580
4668
30508
188021
140411
154262
79676
90524
90856
219938
12557
93421
207849
132053
81877
11104
10313
168786
180154
39300
74331
304448
66242
64682
130768
520444
152164
82023
203635
220690
147213
6890
83787
96470
43035
4536
82866
130395
89999
472089
40400
1710
1171
138475
51420
50379
297943
65836
47690
30409
87936
67410
1163
176964
140256
2858
178677
1774893
45050
61221
692067
435191
61003
67606
109858
386345
1123
30092
22367
99095
479656
1080
66224
52116
1495
137707
183568
139706
14246
1965
220322
181930
169981
66649
8240
652736
95408
360450
57009
57009
4180
49142
178339
165657
185209
164785
2157
2542
1838
2485
704249
6005
211948
92862
22919
27605
37310
43202
22227
30622
40755
79666
42107
58491
122951
64784
24287
3395
3845
49959
110148
92657
115469
84349
316047
725501
42175
537243
6443
673557
74085
3184
19290
473007
75065
474414
83787
94852
6401
50400
30929
2191
73995
74411
86715
88343
189886
2761
1796
47765
82864
6343
171598
72485
220885
190962
507015
268879
85929
54278
95101
172475
6305
484630
71857
161077
71190
38934
96001
386948
498401
501472
444386
181511
115026
690040
441491
59050
2014
66515
95904
98969
65205
65342
172208
140420
328404
545679
20841
57572
88869
39168
38530
62625
61547
58214
57188
142007
86901
167013
71879
8902
7330
14171
7556
21001
7797
11148
16653
37003
24345
225742
4368
1763
3080
1772
1778
2945
1663
1989
1556
5943
76853
21809
2471
292697
9752
1489
2894
46508
4264
1208
116553
808
4256
8015
25464
16203
120556
6829
3611
85213
92712
3704
18555
30944
33651
41335
44548
33977
40991
824
241265
267383
119843
48049
5741
83383
6524
2533
3206
1888
1775
2543
2073
2408
1549
1784
2046
2093
2582
2427
3988
231131
47378
1842
53552
4844
4173
133548
87977
59849
87235
89589
1826
1165
286330
116809
305535
312512
104340
3173
944
59696
30014
44551
2842
183891
25962
68273
94855
39403
235624
38122
31687
30458
164659
36851
31495
17245
99556
1692
76130
30512
102220
65138
102324
26262
28870
2560
757
3597
3481
145
67511
101551
2264
2820
55383
3527
166479
145275
65973
174664
114067
47201
5818
12889
84165
41455
1485
169203
48179
58275
56613
51722
49824
40057
39662
40105
39615
40057
39572
1866
1863
39966
39670
3373
166743
226304
21802
68544
9478
2352
121939
5792
131042
77724
125188
1973
1072
2701
19358
2065
45071
70553
46208
49938
3456
30901
41332
31371
37108
33941
34063
32884
30967
62614
31428
34323
33723
33102
38886
38954
10864
115015
9080
315276
3509
2903
41857
39856
219950
210707
110561
274781
51954
261982
40423
136381
286959
99491
113149
297690
101535
308044
99819
103224
60002
101302
2603
3184
2795
8041
90307
91041
1919
2038
1999
1782
1907
2476
2134
1699
2763
3207
24711
9704
100140
67116
92171
45097
72478
3631
105600
7219
528
48915
46865
48880
9368
73965
30589
33098
33493
32543
38004
31990
33154
2741
2277
2806
3284
2273
2360
2308
114519
36753
81232
1518
222171
94367
186764
305189
1933
29174
22543
63130
29882
45910
2371
3286
3090
27126
46239
41795
46249
71013
42953
33816
34155
30966
33277
32862
36376
163622
131219
2219
4546
124565
76351
1447020
66613
80525
74368
73961
76307
73805
64596
67094
80169
78327
77553
2700
7675
2318
487
15977
47528
2234
110060
335661
244950
3624
227122
45929
754341
21468
23216
185154
184883
17477
15583
23044
43849
78538
3366
5034
2374
2061
1888
2356
10598
2056
3037
72305
266604
47819
234866
267282
1589
2720
3501
4976
1936
2434
2001
7484
2662
203522
100223
143488
52088
253994
137218
135306
139893
125441
2406
72809
71002
71734
2539
2520
3266
3303
1752
3264
2240
2214
2150
3539
1814
3773
2979
3041
1791
2068
2363
2471
293010
1469
3110
28674
6707
25890
75818
2847
22403
3155
20342
31503
70907
71785
347875
346921
350144
123702
212376
1730
1688
2303
2373
238990
167427
238037
1004
2068
1923
9878
5161
3551
3391
8970
1583
2770
2543
26202
2460
2391
2400
2051
110596
61558
36782
74631
2440
2004
74370
71369
70974
73541
74457
74935
142706
119687
350101
1983
2659
3124
42903
133743
24697
22102
28157
29244
27809
51791
10047
8009
32340
62570
124076
3632
119566
116694
41676
47207
30945
25632
15720
20496
38337
125541
234556
5089
1737
18826
13731
13769
14497
9935
12235
4380
7132
1008
17892
30426
20811
1685
1388
6098
85509
4489
251327
78268
40492
18539
679
592
32902
9328
47687
124367
19247
19855
12635
2491
11594
17065
1823
56860
55642
38022
54809
993
561
10325
159180
2887
28244
60047
37090
802
19616
4835
45718
43441
25980
5401
54211
102822
15944
135565
30887
4633
3760
20303
1138
86178
48897
81846
1563
111651
2286
23430
70897
1697
1597
7341
17223
20669
3884
4363
74239
18655
3665
5315
53183
14322
3349
23751
36656
91403
307405
266585
4085
2864
1801
6589
12953
26230
43077
34386
14109
60792
1388
50265
27923
26924
8661
23847
50887
30980
4220
42740
1140
4390
55174
15333
88629
106520
1472
59585
1072
1196
31838
3849
44635
4146
1070
1032
1979
1960
1073
3046
273461
1124
138
17141
6140
35503
22272
2072
4518
37698
23902
20869
940
767
1171
23982
34161
1184
1281
104201
16978
508
18456
92595
1488
626
18514
150467
52103
12023
49371
839
1875
4489
20492
6989
15451
23081
9562
31077
24455
50442
35103
74427
2124
19175
30866
1907
40474
43213
28039
18720
7343
3412
4551
40531
50311
1574
75419
4370
240328
1158
48937
24836
46484
25920
58787
31951
4039
950
34884
4381
33589
5076
41743
41780
23474
9559
34289
18793
36525
76227
2353
43611
19687
25111
44849
33321
39136
37507
48724
21169
21907
29061
92006
14622
31431
43560
33539
47849
96708
31738
108404
2064
39308
39563
98006
13959
1
60560
89121
46296
2231
79205
33597
18924
46268
17628
91054
37989
23656
98196
45506
24413
71505
72114
7412
50808
1632
27038
41246
2012
38007
118437
23225
3627
41191
23175
9941
58421
45682
30534
4501
49322
212587
41996
6750
42336
21589
56519
106032
37048
63837
24183
4325
48606
9055
38105
12518
71372
110432
4803
43819
50532
25224
20279
44397
19682
4076
35855
103534
61952
3551
31272
37763
1951
75623
34715
3515
4191
61608
35893
47100
43590
7623
18777
140449
20481
45105
71575
11003
56100
57364
48190
37932
23239
59589
63512
8381
31141
228036
5152
8206
24147
13068
3028
19336
934
34904
52358
48792
69304
9532
53288
31122
61888
35571
49350
50518
702
51029
24407
68753
22649
45952
36620
31429
12582
131667
100492
19929
3807
47263
105574
34748
16460
58587
33835
185070
30192
102376
90895
37123
103764
103179
45966
28353
21274
24900
22925
55331
24048
176071
1833
12086
105038
33668
1
34738
6980
18496
7260
24580
24947
59439
57898
13445
17868
1
28292
13112
24010
48513
1
25148
6269
43380
32909
42456
16117
103409
19587
26745
15552
56180
29716
52647
52833
7467
20019
43147
11864
53818
10784
71025
49766
20595
24923
58021
106240
18655
37929
41407
12117
46777
91804
55969
106476
1
26421
19072
50899
23352
4704
20837
22699
11514
22599
18073
44438
8985
24133
12900
47024
49044
3741
2455
2839
1220
88456
97468
90344
100874
92759
3994
3836
28938
250282
3256
61421
115271
256090
24192
347335
251937
84524
73409
320347
46732
5247
250780
215128
281324
93434
16714
26997
565
7043
99077
107272
26072
3620
33022
161972
251493
29643
184007
160714
263776
164176
52602
4543
916
1733
13938
30699
17336
215033
58220
8179
24263
791
48828
3300
3341
86813
68799
17123
28437
259001
39450
25835
51960
2224
1141
323761
10996
20395
35680
12157
76229
89339
109840
244120
38330
120611
54196
48560
32647
301923
86501
51790
1817
3589
7904
562
12944
10015
8994
29425
2026
46732
246191
63267
242349
1389
63527
266681
6985
54620
254935
247447
250854
69699
263321
183048
238463
256992
25399
138727
4797
140488
39855
275295
19562
28682
3177
25256
210551
83904
4811
2130
3217
175778
49607
101902
137308
322267
162187
371621
210541
245202
290855
548452
308129
45459
17795
293185
93007
35854
79732
133308
311396
306787
286428
78712
278407
100788
305946
36184
32019
281789
41798
174775
104189
150171
344881
296550
306050
282325
3789
401652
2626
15519
9759
4321
5751
4532
60949
7385
4678
12823
100169
98646
83282
82034
45606
89562
104638
95805
89734
95582
368
28019
5746
1572
60695
3463
145610
68937
10255
1852
191524
210659
3998
55669
10537
16310
3134
2713
5362
5626
3937
8948
8240
3133
178994
22783
120700
420546
1636
701893
336185
801
11346
2361
10237
90668
90489
9778
1950
2343
1654
39753
66361
27795
93418
148344
26442
132159
53891
3792
36354
36298
36252
36325
36305
36320
36328
161675
139934
2596
398613
714
970
281028
23028
64191
3599
4650
437693
88671
63077
236379
404854
1450
1312
1345
1279
1286
33
8044
118081
54308
84857
159431
68651
159695
44873
132186
82512
45629
287937
172202
109346
2813
3147
2114
371517
6121
61471
282352
29111
103118
99
0
0
2531
44243
48745
39413
36149
93934
137222
61467
5387
1310
8675
134718
3603
102222
19544
94231
679
8989
1138
1205
3307
1702
384424
65084
115048
8804
1301
717
3495
119546
45968
115208
69270
235622
122824
233038
158059
494842
154120
61157
61416
61559
63017
56761
38799
43173
84766
74626
67890
58632
94030
46300
23805
221689
11942
620
5305
185884
103406
9277
181193
173579
152811
254929
103726
3615
315748
2048
273055
298248
191617
3538
323420
153007
320095
328841
37527
58009
4191
3670
1711
1245
3696
718872
10261
1123
2125
1865
29810
280514
11783
197856
13652
97506
238
7989
30795
94571
47286
154362
139658
154362
135925
2551
145487
21718
209
148
164
1354
1543
1000
17586
74054
69802
32030
19187
31694
22707
378087
291106
181307
185684
200806
202692
212912
375237
178492
181654
33
58791
59607
997
140166
2341
18530
65086
1197
89905
180623
92588
5492
44508
1203
155400
196759
116022
2455
67442
64180
35514
36522
60747
49320
47213
40306
64629
36606
42692
39162
35365
66131
64197
36959
57361
46382
73468
72330
36347
49574
66178
16999
78696
12100
8950
7542
89417
9551
1294
54771
164843
6354
110329
45209
46472
66052
143594
166763
374824
1231
1220
1363
1581
1310
1815
85516
2813
78309
9466
1228
918
4736
466838
51086
1094
1501
30964
134680
8530
411243
2000
1460
101727
181112
31717
140829
51964
71922
22336
373096
180320
179738
3420
939
878
286248
177571
5215
142923
67720
258937
9307
123235
1092
87567
104481
609
73916
269605
55833
55352
3349
52082
6109
6623
137479
8918
14163
9178
11272
8996
9747
12005
9743
10455
9636
9645
10003
8676
11787
9302
10943
9806
10060
8677
13412
7739
10615
10883
11220
19076
56450
715101
229153
145685
715709
226265
373781
1249
171551
38184
10849
8262
1145
256965
55006
1576
38115
50890
238258
4611
1322
494112
5341
60034
1773
35250
38791
217664
141515
138839
84627
870
156544
904
1857
142514
79042
59003
35678
9258
32755
98446
358040
74851
2709
55253
1547
109039
9789
68447
64198
61975
52089
58535
55757
63502
65598
69382
66182
72834
61697
68407
59336
55566
67403
89960
15068
31257
117792
1150944
91184
716745
716213
55306
83381
316435
24189
249490
9423
9500
9376
9714
1863
145905
557
4101
55606
19369
98452
939
2871
2113
5857
240549
80800
6133
260366
35831
103424
2490
3676
2263
306512
95140
293347
227840
309258
286973
305146
944
23141
3159
7759
5337
1884
2022
610
81928
12316
3390
89252
1997
8052
100298
81824
286285
2501
4673
296909
284871
70681
267532
85271
16731
24708
1934
140579
278016
383581
143323
143007
187183
155368
139464
21830
11730
9292
143115
8890
6461
221664
100457
29123
1248
64878
8375
1511
92681
557
1604
17886
11055
1520
2462
1423
3173
18798
30426
2653
145625
1315
12664
226667
141810
148938
143652
141968
144888
141149
147796
176936
268196
143483
165995
144718
139649
13388
27500
3313
78266
2589
1662
14323
4196
2115
156654
16235
34442
88542
2548
151353
132984
209221
32462
809
22955
61790
5240
39954
1745
4222
2311
7428
1548
7549
5990
5582
43827
111344
31705
224
103958
3188
6795
1757
38547
11737
4482
88205
1803
2662
59468
5437
48130
5111
35170
3818
33709
39105
43184
46522
248923
19000
17588
9669
22338
14047
4879
5954
64875
51061
49571
219529
278
2085
5820
93918
14704
17720
3482
45010
1306
679
3198
3499
25094
10406
147924
789
153772
16524
83051
20905
27969
961
1257
3814
907
99354
59165
1020
12985
80782
238424
1791
99593
103397
14127
99406
96645
62775
91299
97622
223035
64593
23476
43632
3265
40961
50660
145707
145798
128650
130581
110169
95972
116726
117607
116742
39515
101819
15879
39387
168443
320498
348593
206945
169335
204
1174
30162
5483
28465
1986
173236
142028
327657
161313
124457
142171
143001
317966
147043
166917
141283
197681
144816
149208
124076
151332
169512
151813
138940
101802
145887
139130
190207
147456
149116
364174
271618
181848
123819
405821
149220
192380
151896
177866
117723
141330
15417
14743
24985
1236
24713
716
14717
242923
9994
71069
163112
13581
85408
275437
3191
54923
4300
321862
82970
105549
23819
323855
436
58523
296550
162926
35998
71683
65657
1965
43877
2375
49771
6458
4724
30426
20258
43598
252353
18380
140270
120246
144748
256243
321214
831
3210
7186
2492
3079
233503
20854
201415
75638
13828
24541
82943
76012
13848
42450
13853
18425
114735
141502
89954
91611
1593
1576
48938
1610
24837
1884
11896
15815
1105
27867
5547
3281
706
140929
298333
119069
207471
4649
98003
55232
1687
1578
1599
16398
228853
3118
110038
1695
151672
113441
79468
231923
12671
34482
48924
5105
47611
59796
40339
4452
22713
28417
5430
216235
144921
6452
33230
3391
53640
52864
2912
3261
93789
70723
109397
155843
111423
2323
14825
39720
9953
3488
218200
76934
36387
50184
9135
1770
690
90957
826
141606
30593
72440
1635
249900
148568
312945
157216
1113
18713
62898
299872
328339
226987
65459
313716
18481
282529
283806
351090
109193
291545
316991
197420
300014
100110
308465
327340
43485
257653
162077
245014
348534
301314
298916
113014
21644
111198
3732
229655
2792
21310
9873
15811
9400
4276
71485
5562
22470
5856
14781
192545
103272
85682
101186
106547
82831
104357
106528
112929
95973
1083
22070
1751
1853
1565
4798
4423
7750
5579
2251
14171
63691
21335
3412
175259
5047
105067
7145
315861
3656
465857
362132
8277
19791
350921
37976
9770
297836
31350
2311
67638
317771
28047
16648
216272
156394
2963
273851
65680
2197
147928
303869
205493
36362
36264
36338
125957
21862
34577
34477
350811
417103
124443
158785
7910
7875
7889
7885
7882
7940
7898
7904
30509
304629
5086
280955
3295
61354
11290
30816
317835
172715
2770
6316
6250
193466
7574
232521
1253
2889
1724
321563
274210
2991
111517
3017
409694
88273
6818
4751
88938
6016
5824
4750
4735
9334
3240
5932
4684
5224
4837
4725
6799
4803
6037
7744
7997
512344
4603
5191
46454
83372
86243
89837
147843
8045
8045
6020
7667
5707
10518
4968
5674
4531
6011
4529
5738
4509
6060
4541
4646
4471
11441
6130
7424
6686
5861
7067
4760
5869
5642
5996
6616
5877
5938
73277
52763
4641
82897
58219
63188
84051
78749
71052
64935
78345
15874
56847
4913
160880
54482
170451
80797
76129
112700
43439
80532
223871
135208
224022
81995
6435
33198
3152
6811
3883
4918
393
6710
14855
3327
7445
4912
5868
4605
5248
4743
5611
5341
5920
427
4492
4839
5475
4791
4907
4621
8428
4611
11064
71743
4749
4935
5608
4817
7746
5566
6623
6343
4909
5034
5398
453177
399927
5996
141343
4519
5063
10983
43017
6807
4760
120610
106321
46424
12287
4666
4451
78776
40285
4863
5746
125495
13922
973
23729
4690
4609
4851
8482
4493
62724
59617
90007
110759
54324
135219
4705
4764
5762
4604
15148
7649
5946
4582
6734
521
238400
3020
8719
91478
10011
9809
4974
24061
80877
113323
32782
4710
7531
3472
6084
40837
5907
4956
4849
31646
4611
4657
94628
4771
3024
4805
4853
4306
142097
111689
269257
6927
529
8230
255417
84143
4424
8726
235749
99554
189301
50683
78019
109537
5098
8038
73530
84389
78554
5277
6958
2558
4793
6023
601
83174
60824
82889
64487
20249
4836
27957
6831
9427
3063
60163
51462
4673
4864
4696
54000
4710
5568
5470
81573
1257
60283
29634
2912
4213
8008
4827
7626
4544
78592
4601
2265
44570
56797
49745
40976
4707
101726
109617
65312
69714
470166
4809
6673
4775
172646
185133
165121
311213
183350
162453
183981
196112
184755
2138603
157788
153767
182990
149551
151533
288357
183810
9351
185737
159719
149370
301389
303249
298197
161470
313569
164521
161505
160242
153427
306549
163772
204792
6699
260834
326
76615
152481
94301
72000
301884
174380
285791
301995
7349
120440
5991
5350
51170
6822
4956
237
43630
45190
57009
69374
26880
76045
2188
4973
15679
2361
4692
22645
5425
82621
120110
26601
125268
1126
3511
8170
6292
8350
5105
7926
5390
2096
8899
2911
8700
174178
219990
5470
319526
4442
6956
19879
26069
17181
2452
9293
6336
138323
2850
12379
546
4441
71073
5689
5755
9972
81139
5204
9867
43871
6592
110469
42521
157501
105807
55703
70105
51654
127905
50638
3411
8350
7855
5319
21031
23808
5609
150142
143171
66630
4727
85044
87238
5698
4972
12682
53124
111326
126501
10205
39904
2841
5417
4352
9546
6292
5003
4474
85387
4624
630
6994
4670
39768
2546
329306
73699
9922
6029
5348
4907
4791
5181
80341
10185
8440
2145
1587
7945
4993
231
27029
5221
5954
605
5238
312220
7143
2101
36976
4344
6513
2366
2528
3289
9414
84792
166901
4912
1947
76664
87810
6560
18276
1139016
5312
4786
5017
29625
4951
4772
3138
30038
4413
3496
2180
170848
175395
140446
174370
169811
5150
68202
43902
58133
45222
5033
4785
32825
46479
83003
4712
5313
126549
4774
8328
41956
3587
5118
69537
3928
4715
4755
57
1968
11113
4789
5068
173880
140106
4773
192508
16
144160
1703
4747
6410
52706
50528
6113
139065
5824
992
27957
316073
5500
4823
488
4684
4905
22038
4694
739
4406
6280
24331
1396
4544
2621
5360
2970
17315
32528
18723
365008
2960
174492
51376
60198
6189
8831
5286
7671
6379
5135
467
5912
5974
5974
53472
104464
64381
59278
50037
60563
99605
84353
135355
104717
96523
420313
84718
144098
64900
85028
83227
66341
71222
70262
211112
97781
73247
126144
69619
68230
54328
66055
95316
72246
146604
95807
191175
54221
100037
63378
76068
74596
71524
815
59052
181105
145144
157355
78515
45711
82977
57493
173788
286696
46881
87829
222016
154801
61055
29838
4403
273
2812
53325
3900
147733
7178
44023
207601
49031
58377
65038
47740
52130
62430
5146
10062
2352
2404
6254
278935
99044
6350
139382
6526
135185
138577
79296
62143
56368
84052
136528
78434
118950
53262
48787
134889
137166
137694
28706
3262
74507
29543
6278
48608
71898
942
62573
35602
2768
2004
2040
5807
308
7354
90491
62257
59998
71776
73630
164468
296778
158668
184390
162953
152259
164870
326221
283911
97057
5792
148106
130163
2137
4486
60
141254
133792
117283
217205
244559
10116
29005
10330
24426
9402
49
133669
249202
134158
46013
283798
193348
6080
6303
958
6117
6302
3229
10921
4322
83108
65095
86613
84724
2599
74172
616137
4582
64766
71922
188714
10061
4219
10132
4244
56912
263
263542
6
6
6174
23935
3689
107018
71919
7437
71158
1873
8565
56620
114093
46959
10446
1602
28186
313514
150027
285864
171682
154396
270273
142206
164578
1730710
312309
308611
293632
287304
156770
314842
144598
296003
190242
195913
154053
281607
296522
177174
155949
3045133
157865
157230
171952
288167
3288954
3162
6310
126677
4340
6591
71901
6693
6066
63676
6530
9922
281308
164840
278711
151121
279885
293034
295162
293797
321624
338137
160950
165635
317946
7639
180816
148500
263
4639
3435
6600
31553
81629
59561
76531
72450
58853
995
79871
184500
130349
8007
174551
289099
295688
277
6413
6931
3744
6397
798
5868
39430
832
7743
12337
5909
26439
29089
46599
58393
145279
116143
124468
1050156
407402
81490
4088
42023
40719
39207
47047
29103
6322
58020
53136
77713
5111
6954
4905
4990
4369
1588
1382
188496
155657
153945
194457
155340
207318
175104
176268
191648
154518
193717
6023
71226
2975
171721
6199
37451
63203
107556
303358
732
161315
4245
3142
199919
97036
82214
10795
8933
66915
53626
73855
6354
270226
990
4310
222373
35193
256296
119275
1957
5529
5887
11530
5790
5800
75254
98006
9123
9316
89281
678606
825
57582
61462
50359
11344
5984
147358
97525
6364
5628
6000
5921
119603
108316
103367
103467
118725
94196
103854
80914
50481
6876
8859
110516
14314
19426
69633
85766
93027
156754
495868
448
4216
171451
58016
113571
103664
6191
4262
49819
82761
89067
366222
19766
75392
90713
91101
91787
2527
60712
1286
98899
55811
76580
324036
5745
6151
4966
6218
15628
79047
280929
89369
55851
92040
61388
88017
4475
38856
4676
123069
93720
92843
48096
107034
102798
84297
44598
49346
240866
50484
93356
97718
1326
1323
1326
1325
4684
122593
110883
3612
220181
133515
62599
98972
91836
89495
83656
71335
4775
480067
3391
261439
110869
120113
44432
67786
114056
9077
6
6
6
42287
112786
236612
153892
204955
163628
310156
206640
181648
153025
177921
158878
251133
184051
266700
50308
831
118738
26076
5027
16257
144226
26649
51259
49956
96846
49706
83931
50882
53265
54658
92661
26721
95817
102377
523
27653
2397
156452
2247
199994
282962
58927
871900
146142
155550
176071
106840
54829
47683
84174
76568
75475
232130
61205
79590
66298
54222
15550
127253
2286
152884
291738
151942
158118
1732198
291283
292065
173323
468399
155683
300631
290137
156285
2727044
152088
153101
149651
141370
151493
103518
104720
54522
86891
147000
111762
63776
51930
52395
67185
52378
112818
3892
6124
5959
5657
4651
4725
72288
59869
39936
4547
1819
171659
69507
84490
5876
4878
4814
2946
5270
5851
258798
126538
62481
83447
4639
31348
5380
4000
6221
101796
6096
88022
74024
5765
6519
92015
14728
5452
4286
4448
7003
25417
61128
108083
98504
754
5916
73995
160632
6311
6078
6154
4709
5247
5340
5457
4946
5209
7923
5506
152866
4554
212783
203603
4615
64212
4565
90026
63594
66298
124326
68541
65518
35672
44513
293
85841
53852
95878
61386
59051
111463
127537
50637
69469
59097
192243
54352
87176
19805
78053
94625
64499
109175
125156
72066
54973
1648
112297
56203
59688
55857
112331
3044
2984
159941
19409
335
58168
57508
28753
97667
130577
74022
294425
149839
286699
144196
151525
278151
157018
299195
659330
59684
75523
29442
55467
48047
5906
8055
8452
32371
8981
10267
28204
158981
361206
3152
10259
2455
13141
3813
3337
24387
3880
9900
4216
5088
5308
318418
128303
40768
194073
193213
39654
161890
179599
280455
281817
288234
116877
83765
14192
30861
759
3251
93829
8860
46689
21416
24410
27325
33575
39955
305674
6534
40655
5682
25548
24121
6387
70172
147966
29794
111220
2985
4037
260
315810
52686
45449
48478
739
2613
14519
161954
170790
5234
4904
10116
5711
3261
253297
7171
6147
6386
7624
8459
9478
9552
23867
9471
9302
7786
1848
106867
5379
5452
31701
83918
122350
1817
28283
737
77936
28687
44998
41777
596
1308
1517
1933
1808
960
71670
986
1474
24482
87546
167950
81739
80013
90753
87459
31370
1836
600
28047
145665
2524
662752
635761
485363
394
656085
484
3967
261237
122708
1538567
81205
2365034
100336
2181147
2161354
1831208
101006
158386
2152406
757
5533
3113
38194
3747
2402
3025
7523
85515
1078
2172
1567
52960
159727
168072
114755
117619
30249
213167
163095
114475
24287
26260
70546
540607
419703
297438
645827
701
275051
1465
29543
262317
264621
6657
14305
107315
93430
94143
128089
116196
123158
57268
79367
140420
100149
130247
98278
129860
78067
99938
135431
103457
2741
2121
3132
290321
631
538384
136769
54371
37981
102652
56664
85053
96663
88296
1537
2052
5947
7026
3044
3073
72987
248804
243596
243224
253447
248928
248702
249082
237798
265725
356153
265725
267155
247306
250256
252689
317802
260348
26664
3219
66
14936
3450
7415
3064
64
32581
1185
2336
873
127444
2716
3733
7946
36325
35140
35031
5183
2051
6634
272461
361980
243426
3361
1866
145862
24224
29881
1045
8183
45
1813
6689
3162
11156
1459
147446
3179
30659
21333
33342
60547
1853
30
729
888
690
1056
1228
1158
1519
1010
601
1483
1262
1522
23025
928
18003
651
27602
79954
2127
137383
46886
1770
249125
99139
2665
2333
2159
23457
1438
2833
27688
616
1479
301490
51
161961
37559
46126
23089
47172
21974
46302
20893
3040
10855
1506
18984
3036
4988
6857
7056
6802
6511
31234
70774
6031
22613
24798
12348
23626
74416
1774
978
3898
3930
3047
28215
1767
851
857
1116274
14498
1962
1677
2077
2072
15458
2926
4675
4916
2169
4128
2216
2649
2332
2322
1790
2661
2645
49869
5186
2342
2153
2248
2264
2166
2683
2402
75
11536
2534
12827
10013
107057
4620
16973
10228
33494
46
14411
17818
22578
30534
15319
26947
20513
45778
16615
26595
16555
23838
18803
16006
7999
2095
2042
78294
62044
78233
53810
55049
80953
93474
61659
1625
62835
45466
98124
44733
47298
7387
19145
1808
37230
2003
27144
1758
4227
2110
2357
2216
1587
26236
2629
2286
2324
2313
13188
3329
4034
1906
3536
2167
1737
2122
6941
61286
44906
1694
33424
16979
45984
2173
5176
5898
6189
6200
3354
3071
51691
44762
18756
20193
1355
147582
72415
74176
74490
5322
19046
4213
35700
1669
2886
34411
2031
6218
8189
4598
65
10257
1891
5918
43457
22796
55281
58298
26727
20080
25055
22505
70
1124
35132
2210
14905
35667
4680
621160
695
5107
5043
14441
48875
6561
7792
3092
704
68807
39795
112823
14207
16144
30614
4829
2182
2332
7929
2212
6907
572
2143
15746
46411
187345
49387
35872
47266
38052
1908
3105
3176
3050
6648
730
8053
9090
6189
8741
2691
19673
32699
1712
46738
27284
30487
45017
30020
51999
10070
1597
654
27998
974
613
607
1786
73073
1875
1349
356267
29961
52040
52698
53883
51370
46127
16095
4650
1866945
175709
3687
182694
5639
30478
188497
107538
179761
2750
47680
2867
25441
5642
2184
5365
5977
36280
3108
82711
66376
166579
3208
2250
3204
19159
1579
6491
12004
43003
35672
43362
2137
178580
212802
2055
3325
7238
7931
200381
3943
743
2219
35974
38474
35563
72393
5204
26728
2132
4816
29016
29826
27879
27236
3042
124653
5399
8096
8890
68832
29863
22216
23814
18800
107969
38189
37912
23361
88697
5684
1718
19822
123223
35129
5483
17839
20391
21483
21624
156466
4001
108277
74844
141174
5292
76296
75845
2427
93459
85267
75311
107144
75514
109522
35642
641
337
9617
13246
15048
28780
1151
43442
649
1246
1515
23291
8045
19964
3082
3023
86072
670290
7103
28366
3443
8571
3288
236947
3619
4135
10327
7422
129120
19779
1443
22846
26116
92
224928
224481
223602
2109
900
4404
9052
3037
3858
5175
47100
259
13032
757
1111
6523
6389
3029
7041
43360
44430
84279
34
4701
9057
30674
310824
279920
3799
9141
7552
292731
134389
18819
4952
2195
6598
255
59
17870
1687
44
11074
4217
482047
3138
1961
3199
3214
184507
260
3046
5029
509297
3149
4951
3375
3346
5455
91
3117
3447
15473
945
3069
36
3295
3241
5874
6867
7801
1034019
842457
192298
88515
96606
1077766
1891
4471
260
251
32415
72742
35600
84555
122494
75785
6298
1558
92984
54516
33290
29275
2564
2605
27398
2606
2184
2137
19114
24787
5918
1813
45006
9497
9436
9560
7118
89220
86955
83868
120359
179453
72551
175596
81999
82463
55599
52457
7830
36771
32602
242051
139145
179638
87483
59627
98251
36108
98047
53106
692789
661795
832
166863
648849
422
625732
620383
19622
5407
5376
67676
41400
28377
77850
79169
333369
1501
1978
92238
7462
351701
355563
355594
353704
119806
73163
13674
621026
634853
363
615029
622713
664245
33387
37895
36137
31358
19028
20226
34729
570
30906
2348
72982
75973
642
19064
24758
601
806
334249
5045
620
1146
646
1100
620
1958
2302
4198
7835
43560
49698
69740
92135
65625
28599
35788
54863
43621
35932
6274
7305
26978
35025
34789
6695
5197
2708
2730
12610
120206
64611
3956
3235
57107
43914
57898
44045
44106
2619
1840
25643
11461
4631
16742
7686
480883
183835
307404
831
735
20773
2721
50048
2111
47587
3554
2121
2182
4148
708
8650
2433
5645
66637
35957
33998
30610
26459
35847
33655
51906
5424
6789
6900
25308
30622
2762
20283
116139
888
992
731
151002
4505
23582
25311
26440
17978
436
3082
5652
7292
11747
12532
3173
7979
7536
3048
7383
3312
15872
34801
8755
2759232
24729
101899
117361
25824
279401
274555
167251
101849
108551
112595
98496
14802
29909
96610
95292
105720
27102
97918
187356
106352
109271
95917
52305
204665
60059
1615
79706
1680
16112
1493
1141
1126
976
668
1093
1095
95562
7692
6107
39184
12018
19428
37242
40732
40620
19145
46798
31858
2032
9155
2156
8689
3137
75122
135140
825932
340235
623353
634373
19121
22722
700
3298
47817
98511
79641
37665
32820
77432
34296
35654
3431
1034
1031
24035
27103
8332
33572
2036
1866
37670
40059
51948
122945
75007
123117
400230
456
480
614
293600
238316
247777
255834
266128
247606
242218
247104
243306
294378
246996
12502
70230
106547
50171
2593
41935
37004
1389
41768
34150
1035
6425
624
22614
91779
55790
59308
17205
181895
79280
41957
50787
19856
22645
27504
3264
5083
3123
3189
12174
3151
140369
465294
18309
23692
19875
14578
4683
15692
40159
75007
43718
95573
65961
21571
2277
47320
76539
2168
1153
711
191354
2575427
628381
2381785
604916
629790
182043
223381
77018
40444
45789
3235
128006
37220
18423
15295
25039
54961
206520
153371
227491
361552
5662
5895
12504
5415
23793
3116
292571
77043
75649
75247
78848
768
108439
619943
1223500
898
117365
233808
1304
2759
3641
2957
1057
375
75442
1019
79786
6835
23115
37478
31428
18343
34365
36156
35715
20153
47638
33199
35795
1056
1477
1537
797
622
970
1148
21063
1024
1737
638
652
645
665
29413
86905
80645
207271
191136
230679
60101
2729
52176
62201
2683
725
985
30860
39214
104504
46738
1177
3715
1244
1199
159809
139656
432
3191
2741
108252
22979
1441
1385
505
2435
1900
97689
91762
38030
271580
3134
3511
4968
6363
2735
2460
35387
77359
108337
77677
111784
102734
15012
83129
117871
82454
30593
90992
85930
81805
85522
88888
84449
85226
84375
2904
3619
6233
6386
5119
141533
978
1178
1979
2150
789
1479
23944
1245
788
109814
170588
33348
628961
591277
777
1510
1192
620
12809
11228
221839
35664
2295
155945
41445
8372
399328
124039
123216
65869
123259
77842
235071
63703
1881
86775
18024
9964
27222
2113
9354
4131
1438
1007
1183
1126
2187
2592
92707
165058
38572
32145
68408
46797
137138
177837
33632
907
44453
1152382
684013
1605299
2661567
3606
2893
4034
216720
51135
38613
55008
4103
2544
51743
56531
48887
2328
9334
2125
2377
2721
242683
252592
254397
254558
243001
254319
3611
3214
622
2161
92767
2356
1483
31975
56802
56672
4010
58750
27281
39590
16297
2126
5318
5369
69299
77722
80921
79941
77384
79648
78721
79832
83746
47973
2878
1958
2558
349911
641424
4748
1892
40002
75127
56477
7876
228910
245779
238260
244070
241229
75494
89921
66323
4631
574
1437
135761
45754
30581
8526
2812
53105
17062
15756
17186
38039
38477
36545
37718
8987
18348
5982
4412
227443
27411
3156
6376
2783
5838
89544
25321
3027
21469
3247
35633
41847
54467
5432
9164
3133
3019
3429
5669
3509
3175
67377
66329
3404
382802
292910
313147
58090
17184
49677
52384
102330
53903
76785
45400
38243
97990
17458
214480
6825
31162
129337
20674
181204
59522
90305
9435
112964
212322
32329
31408
31625
30362
19230
31358
111971
86714
101136
99253
116563
96966
86168
97560
93066
89072
104000
102949
355975
354051
150944
39965
326206
235033
262026
40120
11781
1494
84568
110297
86471
112927
86674
85984
82195
84662
135868
88911
84255
83894
86846
82585
84120
82806
120806
180125
91031
88443
116864
259292
196965
86133
82758
82822
156175
123967
83643
171152
30435
29876
46996
9120
42470
125412
109304
91225
309433
45662
1208
17395
11045
87913
77329
77249
50540
58395
64927
30505
18512
36947
36146
35256
19103
3002
39584
17372
2880
89760
73197
25781
4920
23683
97451
135387
33597
89419
89809
31751
9283
59526
26833
59286
73247
57495
58923
50729
50634
50751
46051
108907
50590
40258
87832
47953
84383
111691
108107
110862
110526
106235
109588
111133
107933
109247
109986
108410
11946
55404
57198
52830
53900
18806
60447
15779
53943
49270
59387
50271
57942
49930
59225
14604
12003
45202
51308
52619
49422
5264
356989
3250
2324
2930
3202
3462
5391
37760
34299
3442
2751
4046
3742
5798
3622
8252
23318
3906
3946
4356
5642
4019
5132
3686
6027
23064
1276
763
2154
1556
173663
5467
1549
3899
2250
53362
26067
58454
60868
2681
53031
25522
1871
6197
2224
24197
1937
24955
32110
30622
81833
81171
17652
81891
56706
32151
71707
55559
48717
2614
1248
2252
174765
2081
97964
77618
2244
982
211472
47885
55673
33221
7837
3461
5311
4474
3473
45642
10746
3448
4386
3904
52796
2235
41597
114355
4550
5208
195668
16374
4488
18092
87485
28627
904
35411
26706
1375
2178
116073
1738
35660
2127
2140
2542
1284
327
2346
27694
4037
6820
58381
58308
45092
93497
40565
85608
87427
8419
6287
55337
7055
27743
14409
50376
56966
48200
1893
29990
97064
39219
22936
2125
7287
4137
27187
2526
29527
55747
67148
1811
48
4071
8342
250
37218
301633
48425
43584
43350
916
831
2275
8048
90613
111977
20342
8400
69001
5384
3600
22333
2235
54470
31156
2757
143523
14952
3834
23401
4089
36159
2314
2531
162196
2070
9695
39354
109542
50337
56529
2197
53659
55394
60081
58748
18724
8342
56067
44974
47738
40425
18075
56123
58976
59858
54233
57672
52312
15409
59100
59741
54846
59595
55541
61920
58153
56798
55004
54002
58984
56456
59054
50289
56412
58458
59823
54250
56756
59221
44741
55284
39374
53754
33642
58119
56814
38014
67960
18106
56286
53925
48177
53880
78798
82029
115747
79807
80469
10921
262093
1761
31026
3895
3672
3730
3464
35481
2884
3418
241588
3087
4098
5457
14249
5764
2974
10419
4185
5409
51668
47151
52508
54511
44836
48523
42278
53186
38857
4806
4143
11356
321
285538
1119
3969
5110
4452
4627
2363
119079
2856
92319
45132
4509
1630
4366
4280
3797
3552
4048
210104
130197
23481
24069
29853
106189
33135
30551
23760
23188
37216
3388
56684
70461
28713
94606
62869
93449
59850
43237
60876
86757
50481
53603
50250
51860
266947
3136
59305
3404
5000
3119
14749
442602
285278
1313
1997
40121
139172
3740
31225
10375
52491
61660
43915
21698
25042
1021
4283
3849
20569
47045
1239
65521
1499
391031
6340
61866
87904
29946
32903
10042
98413
19019
34733
2281
2546
93564
15937
22366
68545
276138
89992
115420
4685
49024
80585
23158
14296
43244
4037
110521
4961
4640
5576
26734
3533
4648
32648
282654
18140
17971
1073
17117
43865
60210
2616
11222
1606
644
16975
75566
1527
17624
7083
3443
2931
42976
25779
28062
191305
62094
46577
79975
681130
97230
60818
112
1471
763
23631
13213
34964
5489
5435
40374
10258
14593
9074
66339
14745
3453
3799
47759
52621
50434
3912
42401
2522
44821
215109
30096
92098
1053
13935
1675
3382
18067
35368
2384
21176
31821
41852
1742
19715
343
19745
434
17824
2881
10528
9536
28583
67265
38417
32634
53385
6300
16689
55723
8296
37615
17008
17113
1033
19829
4214
1304
16082
1114
2079
7837
4765
28849
101705
37669
20272
244684
25282
4678
1174
122890
12112
1068
26197
42320
1229
190159
25317
6773
11223
116359
55422
2279
18332
44568
472
42399
2401
45969
12792
55193
60352
80464
31477
4674
1841
103663
40254
20015
59442
4619
24274
18436
14712
171098
72633
22637
15814
19114
6886
37351
8088
20004
67620
3980
1831
19890
2756
36726
71086
12965
96
90849
1798
14015
92406
48163
2102
8133
67476
53614
45728
60880
16742
1695
46250
31584
19546
3766
68155
14692
1502
17579
59970
15159
76672
20869
147462
5188
9670
499
39695
17689
29371
103844
24974
35598
2157
22005
3835
39695
56018
13754
13849
25160
33530
443254
5778
13936
19631
8598
78761
3156
42655
481
66250
1546
105565
1
77743
1227
53111
9715
18284
4683
26723
32115
3424
8651
129875
1791
50338
4925
17794
37556
44576
64217
17223
1963
33576
30499
59476
10887
48911
19193
35474
5700
18766
527
5259
36955
1402
170724
35401
18062
1159
73616
30645
57392
279190
4554
54456
38508
11214
6352
4506
62737
47001
20613
129982
2385426
28354
36621
10182
184021
32844
18407
28767
241
24829
4963
6505
33518
45965
58682
148504
109370
86488
35175
47471
13709
4899
41634
84337
4504
213
63272
21168
29852
15510
23439
48232
45969
5592
21264
8628
42991
37335
16887
50654
1
28059
31170
306733
2243
41155
53143
55481
16148
30704
37725
243599
52454
43521
37093
25875
54163
21849
10639
3990
44508
2405
11505
13613
59944
31727
17001
38682
20196
105091
40123
19510
14809
102598
2040
55516
12068
80678
35594
34479
106920
33705
110838
61139
61386
5183
55468
23017
19267
12706
54901
27214
8538
62004
25350
143593
23814
24275
25215
4618
13693
20264
2759
48259
22211
29158
43619
53120
48711
19923
43178
24573
24540
89574
102424
1
68119
23798
41010
31453
23252
43521
28726
29069
37562
24616
26892
11124
25986
35268
36351
69054
37228
27595
33669
23411
25501
34709
58927
78252
24510
144609
16850
23537
104528
64349
4674
117158
70196
30384
43824
45150
24388
51107
4763
18020
20592
21318
54975
210503
61607
5000
9212
73216
78128
14432
99623
30773
3192
76084
977
17346
78153
27626
3043
28500
16377
630
4350
3098
7073
17705
221123
108429
76329
191877
142621
2939
3519
24927
31834
3242
5419
1975
82393
112216
109207
113064
61085
82205
110773
61271
76104
108716
139326
61072
63
1944
89697
38852
2964
160208
713
110409
111686
113187
49605
115011
110849
112768
112167
118070
2303
873
5324
9213
1930
2604
5226
3085
16060
52552
1484
142282
145411
2371
45460
560962
22809
561
393
7204
13590
3710
519978
1740
29649
48882
2603
7721
971
21046
5379
651
55398
600
1789
72506
168918
134935
168696
144722
219732
364442
546099
142281
2566
48095
40510
60746
1351
404692
16170
11786
24180
95905
306941
54728
310917
17970
4681
1881
80757
107541
4429
449
68957
161025
3343
21020
244004
130247
2186
199923
240749
18087
2987
34506
44964
74182
138469
125575
140984
136191
1171
2614
728128
1305
115223
59639
3190
3675
4758
63445
2051
89697
43097
216288
3842
60158
206085
105994
196849
120826
189
66718
28646
198176
18386
50290
58643
76565
109362
7018
2581
1828
3076
20919
4772
5146
1573
502029
2608
2772
2180
1054
1107
2508
16205
3495
2636
59803
2456
7489
112990
35383
113843
184993
112991
178398
11549
7519
3320
2526
2018
1809
1788
4544
70797
2066
7444
214109
8958
209864
28920
42226
2547
595
49995
24708
2653
48272
2522
2971
893
30444
30526
30160
34777
2771
149876
5348
16713
111870
2808
277
273118
21739
4454
2656
19000
12216
13039
3652
638
10487
10207
3218
3184
90618
19081
26526
15424
16998
5731
3012
3400
218560
3330
2164
2605
141439
14328
246634
2574
2778
2108
47745
1884
2848
653
2233
2176
327573
3904
5023
2658
103349
140987
63206
6910
466098
104595
7046
22835
9505
1526
25849
32241
3671
50075
2466
2556
732
1826
121
30980
7303
612
2400
7095
2470
2560
18429
40941
98502
244284
26310
11065
657
3277
2259
3171
20840
7458
914
51572
218378
107894
13780
279157
1096
19423
3001
1533
10794
296
32144
2343
45688
32879
38424
84869
9414
371649
262646
19835
19827
17623
20564
20215
20249
19389
22086
6118
2903
4632
3006
4270
6501
28068
4779
17796
8710
16653
34289
3951
261399
2382
19873
524410
513652
504970
518853
60275
138795
92722
505482
627537
18950
19735
20217
22067
2707
22866
165314
433159
2335
55612
112837
109175
274517
10932
9599
17080
2376
54511
48892
2938
2988
6107
2035
155197
573792
494520
1375
1674
6265
141964
27421
62
19123
142782
56937
26387
74487
124701
131408
122269
28908
428
78133
1325
2321
26949
3171
218610
330459
157846
196915
305925
221951
280566
117308
111934
155691
1222
41688
181304
2305
2518
240191
60483
225947
16977
38
151839
30184
158813
2391
4747
90002
40198
286033
638567
357961
154443
119199
358867
1009
209227
2236
29591
2677
247601
67912
2495
22712
10988
3276
242958
2513
1393
1811
1829
58983
2361
7216
107416
9006
2677
2045
34974
4195
275041
1604
568
22446
56559
1941
145238
139954
146586
144042
131110
2601
275659
517
2231
69415
25302
62137
1484
511847
18174
1283
3229
8882
119566
101730
102810
116574
109300
53171
1854
2869
258196
309042
307131
300217
301573
71423
3379
5495
4846
219914
94150
102467
3439
11962
2737
7394
169631
6380
1714
2376
2772
2553
2396
217802
110593
14040
7633
2487
836
102482
71652
122355
133070
772
1251
267477
1242
84354
17524
1056
1625
1225
46498
1720
6930
114648
112064
117331
115967
113593
48893
269219
25038
1398
3743
764
249655
136028
136854
1388
30297
81642
113124
521995
36881
19694
114369
114722
7455
503
1793
3184
13442
4578
10887
6110
10638
1807
35311
285627
307063
57968
52184
45481
4527
52660
27033
129944
140683
134483
3206
156263
495833
519608
409304
3352
359338
371960
296775
68628
68628
69401
68612
88774
83760
127675
106594
31828
207137
133826
160622
489673
142533
146492
37191
39109
31170
85519
137542
411957
71232
213973
48730
2388
296983
527137
462323
548803
371040
57381
70198
473871
503846
2981
481249
508489
173374
470445
735
1543
1060
8292
2505
18120
2112
3336
47394
51855
345511
1089
495590
947
501074
45081
18654
869
296873
71799
64961
79125
82925
71335
125170
107837
178261
68105
75387
2253
41688
29557
139029
493800
472244
29218
475573
147330
121880
3547
9401
9411
772
3360
1983
404258
280050
6011
551467
225557
526252
479369
1099
81482
77484
231208
484499
432447
461592
50262
434222
461197
478374
235348
497936
1863
545936
343750
69760
54441
550488
8458
5241
1701
227
437495
11239
2955
469432
59854
73499
95033
58019
514
126448
469854
127463
130643
684039
452343
479334
21398
63717
166374
10623
11337
430
10885
4305
465683
495661
33030
36683
139185
80169
144375
115797
127553
143081
200937
136435
143805
121725
123623
196223
158419
59455
127124
120802
182824
77032
143796
123579
142911
140568
38273
57188
64774
458634
539747
498101
494152
96670
808
57376
339941
219769
193508
44791
271210
45064
49589
103135
164868
194657
843
225982
75668
353502
87818
8373
65376
393954
493492
159515
424097
378
36592
55826
2950
2401
2358
171148
92056
42239
93292
58172
126492
106172
99137
231593
229843
24386
151746
242941
40110
209058
219054
540408
1147
2752
249411
134297
128390
82468
112497
88432
91242
87898
259223
87351
154845
120686
209252
81223
133222
125893
214230
125886
160773
70883
31261
14235
514475
209198
12749
1922
513715
37366
17968
405216
263254
133402
44043
61010
112184
407133
124637
467962
432889
443349
147392
127508
435261
483591
465043
453118
134329
136582
137303
427501
421028
135686
134368
478341
3081
102185
74296
214104
2075
339245
9736
45933
54831
30656
137494
133864
111069
2310
491958
508178
552946
520754
532355
87075
43193
1576
103450
3300
44035
223452
548848
512625
513081
507420
472678
534537
2034
275560
355712
322625
216267
591
41818
119356
112646
125879
58210
78288
56985
201537
242481
1833
193725
112152
138801
63302
475663
778
3176
493834
504766
385326
90436
540020
508528
135381
547398
76837
76264
50236
418653
5130
150237
23457
10884
39593
42133
79858
41934
39477
41023
119656
135697
144016
117743
118456
144596
120014
141496
126671
84405
138469
55248
83947
194752
190906
85016
9997
173352
208589
200511
191652
228717
120276
103155
167592
100683
13225
63252
15509
192184
46236
184365
117252
165890
63736
16495
60225
99829
35255
381053
324310
81464
92843
53023
169098
66830
52479
66700
103208
3143
98370
60612
92277
110895
115513
289263
504431
786455
373
272222
174776
4793
298814
92211
52890
73323
48601
2116
1490
4778
135297
128512
3076
118953
2894
613702
72969
13171
2052
2874
2614
2410
2567
2963
100896
211261
571
4417
1273
228271
19847
49059
92439
29349
473313
1252
14735
65476
69138
62583
66170
67216
69103
52621
66083
66792
1682
4683
58898
36470
36198
111867
15069
17653
3453
6387
1848
217673
81215
77470
257344
91412
30252
71907
140330
1550
130640
6039
24410
12274
1163
723077
761471
690252
1963
2102
81408
2673
210163
72963
136650
296639
44143
278630
66817
192230
555928
420315
289852
86619
255011
9797
116513
8599
50312
868
89554
1968
70971
467249
93852
96231
237229
656378
3997
27362
347158
151409
213634
5532
87842
292155
87487
70835
2112
50627
65006
64741
50922
81674
97119
116832
65084
475
16891
24359
5568
16977
5134
18514
17782
16602
16855
64785
5942
87845
607
88074
92245
96451
98014
31977
216359
6276
17627
22776
72870
20403
175889
86180
177313
1283
448
105167
90865
55511
55705
162573
9377
64189
168934
106246
93083
2689
14563
906
47942
4416
13691
151307
143233
1481
137921
200342
88337
64849
179878
63220
211955
169069
66121
211912
212466
131105
210304
140706
64417
211440
157008
795406
12161
245002
2448
2038
183158
341539
298863
52096
64268
52050
171126
1720
26153
27396
33789
26397
22588
25047
27223
40470
27242
49006
132639
45708
31100
36515
38146
29371
23919
22325
38496
42840
23577
81278
89363
81296
95178
81412
81250
62171
26823
10021
36666
217
1810
3439
14874
14085
15672
4484
690193
67385
257093
423
44885
3693
49189
1764
2656
77
76503
6164
91772
96852
6798
118330
16852
2413
6314
6366
17444
467304
404596
3734
119956
490356
3714
5586
188634
49587
6873
81999
92004
154583
100661
113148
464479
2250
105568
190213
176763
523419
98643
19853
68475
19716
47864
22154
185603
10258
99738
10513
66394
200792
63412
60664
94873
592
1644
73452
89824
95844
66169
27153
18797
1286
233688
132437
58887
134924
506352
414
184126
20318
166736
184449
1182
51096
729444
697233
707267
335435
26146
66539
68193
70489
1281
65858
67247
68976
98884
127096
20782
38223
1528
459032
717684
113853
101446
52438
54457
55178
66331
54829
31765
38486
26451
409563
82770
668867
706928
2262
73792
47724
71776
7156
9270
63776
90520
53856
88264
631480
6438
466052
75158
55712
34596
48975
35122
1142
203232
230183
3941
6325
4173
3965
132
640
78339
209734
62381
43168
15657
629006
25248
684669
2032
10351
11049
42053
53046
1558
19995
29897
30638
43571
15465
16750
43732
37865
18823
67983
52751
1420
3455
66360
23891
30675
1868
38211
2538
4410
28375
1366
94622
3872
646877
14155
9776
29244
44241
29653
4128
236648
3921
162881
207768
213518
11856
284917
449
202062
221452
1596
14083
48177
2266
83100
3528
25061
3661
2048
106618
39343
16228
27523
1655
844
5789
117078
14724
85215
1461
139980
60667
150612
70211
253765
248373
281608
1881
16731
16752
73586
70100
2198
20417
16589
61944
262568
257229
543281
1072010
13473
2024
875
51994
199
3967
12247
35371
57769
249171
251162
187
1213
293973
13525
11200
10244
4039
5757
418
1434
2910
1419
2159
2539
2999
2058
1504
2346
2159
1994
8187
3087
1707
42917
516
2710
10500
22979
66525
69941
70794
71710
51174
4545
7003
20998
72259
73746
71463
8879
8866
279733
34392
77714
245616
306192
245616
259430
251952
255387
253061
253804
252139
252910
246601
10664
229539
412
3714
3676
2250
1093
170180
152559
1091
23281
29315
14399
14528
20479
4436
91280
253205
253674
252940
264149
543524
252886
257842
252589
2430
277
102316
252555
258228
252769
253266
258131
253462
257301
258378
254918
253418
252920
252903
810722
253380
257054
425825
361411
252694
256059
255701
304813
2997
250418
253070
810993
253923
254152
364395
365418
235654
253944
256724
255630
254731
361973
254789
253004
255743
258752
260595
257731
252926
820092
252680
252472
252854
252731
269966
256997
549212
254611
127075
78695
24918
2502
3388
4362
4229
17366
19730
22118
15724
18251
14898
52342
22870
1482
1974
3300
51938
42966
78006
15503
48346
252487
3765
22603
20986
29618
205407
17647
16166
13444
24940
13763
16159
433738
287820
289317
1659
57391
14702
10173
12134
223603
2184
78757
43397
68351
7128
2504
3817
35856
296636
175328
246820
280318
185756
115347
245437
249722
310821
34248
252676
257690
255145
289446
256962
252943
254101
254283
252755
252237
897026
272493
258841
256194
260274
254385
253402
259440
257333
257682
318821
252875
257822
1175
306856
253915
70900
75617
1756
56075
2105
91269
254389
257665
24566
13848
16032
2535
97615
211372
253375
262933
252227
248712
258872
361952
16659
176546
971776
362361
253532
249324
255678
821676
252932
32263
28191
2216
63063
15083
74227
47971
10638
11237
17881
8345
49630
21553
77215
79098
4597
6794
86709
14092
25835
24345
71158
248507
248874
255099
517096
233880
69302
265497
108474
255491
248015
248060
269469
361897
2051
45810
93022
795868
538547
253601
563877
253194
138839
215219
102809
44415
208554
98791
13472
67210
70371
60166
10235
11386
77756
17389
68861
46438
186197
255351
214777
2435
17984
2189
2446
20164
13275
75088
23057
69925
72592
10455
63556
35099
13275
13493
30313
27591
38484
64603
14909
14600
390488
24628
37668
136249
4070
6801
5644
100116
90372
100555
12834
43382
46752
12873
35618
19611
1641
2145
112804
1665
49325
48266
188205
20620
97112
32415
42755
2106
204634
1721
18111
11665
9082
42133
30143
14270
11634
15641
75853
37236
73809
16320
31158
9078
30488
213925
251753
75620
75608
9694
250079
3657
31526
9343
66759
68327
66852
253405
255826
280145
257865
73
32904
25501
250857
362810
251798
255371
141
2215
50131
18642
17756
20499
4692
58083
18674
174768
23336
24309
2229
31593
10037
66688
71897
3443
18241
68096
18158
29587
7695
245824
34473
138797
13237
9235
14781
771608
255068
256192
280537
536328
254725
254767
257837
255715
532777
2006
295
15963
43664
1575
121137
153035
154327
154831
4583
28008
168647
2136
9670
46393
6619
7381
6118
31298
66436
11937
12307
5228
721
1275
70390
76483
3161
5087
5544
1965
3457
452
4082
1021
25811
7859
36488
22005
2997
6461
40246
26931
675727
10761
2040
45202
28743
9147
5457
8080
23171
1714
2257
70947
25122
4159
8796
157345
2134
90416
32871
104035
312794
26458
6500
103783
1986
24190
1807
22323
1765
2860
1998
4727
1918
2705
1935
2405
1962
1208
181062
158119
101587
3560
3192
7202
1812
2025
2336
4011
13324
42552
17148
10694
199960
1919
7451
688
723
29524
34127
6730
21022
186843
3338
33123
395958
183158
1218
4177
47098
2751
32797
77037
78617
77426
73147
75703
76045
47944
11029
88263
283631
4225
10702
4762
41610
2511
34713
3021
1825
3128
2772
1561
1267
1805
1770
1966
1980
1790
2896
9385
1982
2393
4278
184756
199925
717
6169
2522
1855
2459
2059
2335
73581
10915
9184
32891
1589
9897
14531
34279
27952
854
54392
46669
47810
31777
1065
9724
10876
21320
3907
114580
63485
58166
7135
67373
430129
2137
5834
1517
21390
48043
7358
5316
222739
10009
3847
4940
44075
3880
73
4063
3766
4150
202314
48170
95329
393941
3922
148193
4135
9495
6207
712800
24612
644084
47579
20519
14347
86369
12816
5281
3760
6541
16473
39911
18174
13728
28549
40161
13573
28916
689
194918
1688
103415
7583
997
990
3597
10176
4745
4419
3914
1601
1540
4329
866
14315
16893
16251
28387
20312
230194
159167
1757
212145
71698
287884
289005
1042
49305
81783
112192
22700
6549
59191
4366
672
5219
56367
71223
3782
20362
14084
2113
3807
20477
72407
65197
69739
3240
354
1632
117709
3854
363638
255166
363923
253761
471579
3810
5295
18414
57243
126
257548
254691
385
293129
201
210
2451
2253
100161
2061
235
130
5941
31460
4748
4832
191
27397
372343
232272
252360
5870
9208
12919
37685
47004
19066
4350
38985
10988
30658
8889
1264
22072
27065
909
68747
2079
7564
27417
1064
4415
660
2317
2173
200636
737
12039
2255
3347
1676
473
1467
73810
13717
27647
20696
2164
6004
13484
10742
689
10182
73443
32539
13300
14323
89147
245616
71229
245599
245877
254717
251360
252619
252964
251351
251297
251788
261266
1371
2888
1536
1031
328260
1348
97669
27173
29396
31779
45598
167823
43234
821
16382
16852
23176
414
93333
258090
255644
356931
253380
257793
252477
262227
50030
13308
34898
1322
2074
2002
70268
58252
262620
253011
253022
253082
375877
253015
253910
471647
260030
309299
365702
252119
257682
363850
738033
252167
253123
360719
549212
258175
1129
28908
260325
255982
268698
257910
262451
255082
264305
252613
260900
365987
255091
255945
567900
370530
277959
255193
259893
257399
258286
258182
252794
272735
235990
4474
28600
25738
16234
16768
16880
14837
18718
14084
22294
16272
1339
1079
45998
49434
1150
58716
27662
16357
17474
19108
20488
13541
23319
128830
29834
2738
19823
11753
74666
60547
3005
6272
23394
42606
14870
40450
65488
75373
84319
21714
74237
66088
27526
228962
259121
253315
253717
253381
253062
253640
254558
253109
358387
253215
252776
254880
257313
393470
254061
253510
257407
253173
259557
359977
329464
4338
244907
250874
2265
8583
15411
75174
95375
18457
23242
2167
255273
36613
2302
1094
5045
347817
304654
250361
413802
252499
269820
266808
20418
18419
1112
246445
271722
521310
252793
254493
258878
14428
16039
3000
11531
19968
50865
18056
74457
2050
14024
68267
7198
342673
268646
358602
254261
250619
362281
357260
249628
4533
130206
61245
255771
221051
97659
3348
2213
3462
32996
229562
13398
71469
17070
23564
251727
413
246513
18933
15170
26488
67242
19118
72048
70546
20023
71230
66789
23581
231373
14365
25449
17248
216588
249694
978720
251849
251869
228992
250131
8165
2675
22316
26210
1810
1927
48067
41075
174737
16788
13708
210608
94414
224612
195034
32399
28286
27770
202957
302789
53525
24716
10345
67057
20523
24625
83472
53699
20953
55385
77267
72803
50998
54964
35605
5111
2461
1463
151870
228846
268489
254317
70723
76446
59569
8621
252039
81234
68680
256962
252942
258584
253589
256163
254786
254154
1841
245908
93584
254224
250533
208541
12551
200117
26540
1531956
2182877
2793379
42897
1095
305647
250149
249714
7054
55553
65712
2223
9301
254706
250076
10442
23131
66987
8962
68148
822112
253195
322043
504483
256446
255799
254016
250132
259142
414696
540491
1376505
261240
5600
5720
412365
70533
79558
76607
80546
91994
71501
80042
99279
128711
154015
102540
69779
174269
137548
195014
40306
112386
65923
60786
67658
537
91242
99873
50218
92346
45800
90841
89805
98844
930
23030
228004
23646
16363
75473
10366
5559
16061
10412
4973
485
54265
1186
33420
66336
99647
70351
73978
5068
990
5630
3985
54036
920
45963
1937
151387
854
30201
61111
18095
130629
973658
2174
3183
26650
4886
106948
2796
53923
1206
17213
334374
90106
82210
75108
4321
74580
2247
4623
1960
40165
4542
139595
65777
76203
71878
74034
82456
70696
63570
79342
144599
97098
98272
63516
65214
69565
74149
92816
134716
72079
100847
89086
69623
86394
149824
118560
123366
101359
105533
77054
147316
2939
24891
2526
70772
21194
33877
21274
2529
26385
56904
105235
101998
136357
139389
139099
1089
256710
55306
77732
21287
79482
97714
104161
2488
99660
135639
100216
137355
69518
4537
1299
23984
2749
2569
