0
0
0
0
0
0
111
57
21
3
15
0
85
6
26
113
0
22
0
0
0
0
0
0
478
963
15
0
0
0
14
14
2105
0
457
0
24
45
13
13
15
46
24
28
56
0
74
25
13
40
13
333
13
13
39
15
48
7
182
254
26
38
41
39
15
15
0
250
261
175
0
11
26
101
3
0
0
0
0
0
0
0
0
0
15
15
38
260
3
0
8
46
0
145
0
10
24
35
15
15
88
257
56
57
148
126
251
205
59
52
24
15
15
15
303
24
32
0
0
10
59
116
12
0
86
64
38
14
13
15
130
1023
11
0
13
0
0
0
360
52
0
79
0
0
36
24
18
0
0
25
18
18
51
348
41
15
15
15
0
189
34
10
149
11
805
314
45
0
90
108
26
0
0
0
0
39
317
12
38
0
15
0
21
0
0
0
0
65
0
73
75
107
0
3
0
0
24
24
24
136
0
0
0
0
44
15
15
15
60
60
0
0
0
0
0
0
0
0
0
0
0
0
0
22
15
38
0
49
44
35
36
0
79
44
51
0
13
0
3
3
3
3
37
13
209
13
15
15
15
64
20
328
201
27
16
46
36
38
28
29
27
18
18
18
18
18
18
20
23
66
152
13
13
125
478
304
432
108
101
154
2
135
151
82
0
69
59
93
2
11
3
11
11
11
11
11
4
3
69
11
3
3
2
11
3
554
138
4
7
2
11
4
14
3
15
32
66
32
32
9
9
9
9
9
9
9
9
9
9
9
9
9
9
32
66
40
20
41
93
41
41
22
22
22
22
154
43
24
23
11
20
53
56
48
52
20
13
20
91
46
56
58
43
20
163
161
22
49
40
23
27
41
43
37
20
25
183
22
72
9
9
9
9
54
28
49
50
46
48
22
25
10
18
307
308
22
44
46
20
10
20
21
22
23
25
43
20
91
157
25
0
31
24
20
25
606
20
265
42
47
48
46
46
46
47
38
54
41
19
81
740
779
39
41
41
43
43
41
41
41
41
43
41
43
41
43
43
43
41
37
25
22
20
20
56
55
41
415
469
130
472
444
135
137
11
4
82
58
96
3
2
815
5
8
11
2
11
11
5
320
4
14
11
11
2
2
17
8
4
5
24
24
24
24
24
24
24
3
24
6
11
11
11
4
2
576
162
162
9
3
4
4
4
3
3
383
451
281
5
4
2
3
5
71
7
5
4
125
124
125
126
125
154
128
11
5
4
2
6
7
11
11
6
3
7
0
4
11
2
4
11
488
556
100
43
3
11
25
5
2
20
15
0
12
20
11
11
28
174
11
51
74
5
2
11
11
118
4
3
28
2
106
30
5
11
32
3
11
3
17
6
11
11
47
41
19
6
3
3
2
6
29
58
63
68
59
70
59
65
40
40
40
40
40
40
31
2
2
5
2
11
1
11
11
11
28
4
2
5
19
118
488
313
118
339
118
417
121
455
11
3
4
2
88
62
88
90
96
20
111
280
11
3
11
11
160
0
5
660
2
8
6
13
4
267
3
3
10
2
73
11
11
3
6
44
3
4
3
408
577
89
3
3
511
116
158
115
116
384
469
155
186
116
2
8
6
85
3
11
11
56
11
68
75
79
17
75
11
4
174
856
90
3
11
3
79
59
78
58
85
75
96
11
11
22
22
22
22
27
43
89
16
11
11
0
11
11
4
71
24
24
24
24
24
24
24
24
24
24
24
24
24
2
438
17
17
3
12
82
89
86
90
110
82
45
255
25
29
33
28
23
25
22
26
22
27
26
22
26
144
32
92
89
303
107
83
83
86
119
120
84
136
184
116
170
137
138
132
90
119
84
159
83
119
118
166
129
88
85
84
118
121
121
45
342
0
44
46
44
46
44
44
44
44
44
44
246
44
46
46
44
44
4
57
0
0
0
0
33
149
141
45
143
10
43
57
43
43
9
43
52
9
57
57
9
57
9
52
57
57
43
52
52
9
57
9
52
57
8
43
43
52
22
57
230
45
9
57
52
21
24
22
22
22
9
43
51
89
409
113
34
34
34
34
34
34
58
300
170
865
86
18
2
0
17
34
70
26
26
46
0
22
22
22
22
22
22
22
29
29
21
26
120
134
41
4
1
278
54
0
9
0
0
0
26
9
46
44
39
79
215
3
147
4
94
16
0
0
475
15
224
185
265
112
4
202
719
634
47
303
32
119
214
47
25
99
26
199
208
147
119
137
141
64
91
84
2
151
610
379
509
688
971
9
193
41
285
176
305
77
26
26
3
2353
694
91
713
22
22
435
118
767
13
61
17
4
0
22
808
234
197
472
117
117
127
128
5
9
14
18
67
176
189
94
343
21
148
224
43
9
9
57
39
9
113
178
192
129
197
195
165
9
9
0
66
0
0
186
9
9
52
200
24
238
112
31
4
58
58
190
168
317
90
5
190
343
58
151
4
22
26
27
27
26
1
169
0
34
22
4
25
443
445
22
455
444
445
444
27
19
190
26
9
100
436
27
19
21
25
9
20
9
30
49
117
164
83
158
30
47
83
88
159
58
342
256
82
12
12
21
195
149
189
208
221
193
26
0
0
0
0
0
0
0
0
553
0
0
193
137
148
128
127
52
52
24
43
9
10
201
143
79
9
52
52
52
43
43
2327
58
103
27
40
27
472
52
467
472
34
50
552
9
132
34
34
170
190
204
30
26
0
22
34
34
0
34
34
34
0
34
0
9
2
9
26
26
26
26
26
26
492
438
24
487
26
26
26
29
478
19
482
26
486
9
126
155
174
135
155
9
40
32
39
22
22
22
22
22
84
44
44
44
44
9
0
9
9
9
1
126
27
21
9
22
22
22
46
46
29
437
29
0
0
37
0
7
37
160
0
0
0
69
94
0
0
3
41
925
0
0
30
24
3
5
64
4
4
222
93
0
37
23
32
37
41
52
41
41
41
41
41
54
41
41
41
41
41
41
41
87
90
93
152
170
90
0
4
6
615
3
3
76
217
50
17
38
5
63
123
82
0
223
42
7
9
23
5
8
38
580
150
584
153
114
376
282
308
136
418
6
0
683
43
22
674
14
3
7
35
31
5
62
236
13
9
6
125
21
62
3
272
131
504
3
20
3
77
7
0
278
87
37
149
56
102
40
458
0
17
14
331
41
16
7
333
372
504
0
4
40
3
6
1135
4
30
5
4
774
4
62
41
41
42
41
41
52
41
41
41
41
41
41
41
41
41
44
41
41
41
41
41
41
41
41
41
41
41
54
41
28
28
6
84
22
113
37
37
6
119
5
56
9
6
54
53
238
106
97
2
314
44
586
93
92
93
92
92
92
94
92
97
93
213
93
538
92
101
5
43
67
835
805
291
587
12
41
41
41
41
41
41
41
41
41
43
1243
1394
3
108
268
106
328
82
90
211
111
338
226
74
72
76
62
34
68
30
135
150
417
34
6
5
200
430
588
458
441
468
34
17
17
41
87
15
41
54
41
52
52
41
41
4
67
56
331
47
0
52
101
47
4
54
37
73
88
58
0
0
36
0
79
7
1054
48
3
51
6
71
154
4
6
3
98
114
118
104
326
94
306
321
103
102
506
4
41
41
52
41
41
29
26
1
145
6
765
5
15
25
25
8
103
160
160
160
429
88
105
31
5
5
5
29
23
4
41
41
41
41
72
65
88
70
89
62
88
82
85
83
91
87
88
68
139
92
91
87
5
84
86
93
92
76
91
488
94
88
90
104
90
6
89
87
91
90
88
80
64
93
93
74
86
88
70
116
63
139
91
91
89
91
86
91
87
67
89
84
85
92
87
101
3
53
92
86
78
89
86
86
84
23
2
22
10
35
20
55
25
391
17
118
123
395
263
28
334
176
115
287
215
304
366
286
333
107
113
112
155
125
27
79
114
98
127
103
114
66
72
75
60
10
76
820
20
34
34
37
101
46
36
15
81
38
11
31
41
44
41
41
41
41
41
41
41
41
41
41
41
6
361
46
35
24
605
55
4
4
12
4
4
20
635
38
4
36
74
160
74
4
7
495
32
73
6
41
52
53
41
53
58
52
41
52
53
41
41
41
41
41
41
41
20
17
88
24
89
83
0
103
85
95
7
5
21
17
192
6
4
5
25
96
12
102
4
32
30
281
28
623
448
34
51
5
34
259
5
32
14
3
26
7
10
31
2
28
3
26
16
311
29
94
289
199
340
109
336
131
31
31
27
3
53
51
55
52
32
18
7
34
5
754
34
52
24
80
2
72
93
5
156
3
12
204
58
135
207
159
5
18
59
128
20
3
26
4
53
52
41
41
41
41
41
43
53
5
181
87
96
60
62
104
93
66
95
95
89
99
93
72
88
95
90
66
60
72
80
73
76
43
38
896
3
5
5
6
8
26
735
64
66
81
46
65
113
70
64
65
59
49
28
64
59
76
60
60
65
61
61
61
61
61
61
61
61
61
61
40
61
29
19
0
14
6
39
60
61
61
61
5
62
2
5
2
156
156
156
156
179
126
139
2
49
8237
57
0
5
58
38
55
133
57
49
57
63
58
62
46
22
52
14
46
2
0
8
383
23
3
20
22
22
22
46
0
2
51
65
0
22
0
2
255
102
71
72
78
81
61
61
61
61
61
61
61
61
61
61
61
61
61
1
245
53
36
168
168
168
168
168
168
2
472
316
0
93
0
10
52
29
26
447
14
0
15
54
3
58
61
58
58
5
88
0
63
11
19
57
29
46
56
0
0
432
22
22
22
22
22
22
0
0
48
505
269
86
61
55
25
0
0
0
56
56
56
23
53
51
51
8
48
31
0
0
0
170
0
0
97
57
85
55
60
60
60
60
50
39
50
303
48
48
48
39
48
48
50
0
0
0
0
0
0
5
5
43
37
30
38
38
16
43
5
5
45
59
42
57
53
56
162
156
0
0
5
61
61
2
105
0
7
71
62
61
62
61
61
61
61
62
62
61
62
61
62
46
7
52
12
45
22
22
5
172
10
743
61
61
60
61
226
251
134
299
346
138
444
267
366
263
310
211
172
255
331
194
31
31
31
31
24
6
161
97
73
22
22
22
22
79
120
149
2
19
19
53
53
5
14
91
328
57
53
53
53
0
57
29
22
13
48
57
5
5
56
43
2
52
0
0
34
46
0
57
307
13
25
81
90
56
61
59
58
58
0
30
108
69
71
61
79
81
59
56
774
58
51
61
61
11
0
0
0
0
0
57
18
73
57
15
20
4173
56
57
59
14
30
56
58
61
61
61
61
93
0
57
60
2
60
52
51
0
0
169
590
0
0
160
27
0
0
9
209
126
43
0
51
53
53
63
51
53
52
48
63
62
63
61
61
14
0
0
0
5
5
12
28
49
56
1007
145
22
22
22
22
0
5
57
52
186
172
338
391
140
125
560
733
285
494
59
87
48
281
253
23
11
20
153
822
5
0
88
0
22
0
57
7
56
56
56
0
73
0
21
543
155
89
57
61
53
51
53
22
22
0
52
20
11
5
5
11
56
56
51
54
0
11
20
5
5
5
56
0
11
0
0
0
0
11
0
0
0
0
15
58
0
53
61
61
61
59
38
0
178
178
178
24
24
57
58
62
68
49
53
51
52
48
48
48
48
39
48
48
48
51
43
26
316
34
177
35
35
164
22
59
20
23
89
664
42
47
166
69
68
592
58
38
0
11
59
2
68
109
16
16
58
12
22
58
102
73
76
72
73
69
72
15
50
45
51
45
40
73
463
158
246
84
74
163
109
148
59
76
104
78
166
30
79
89
56
7
69
114
44
75
83
75
14
89
163
74
8
8
8
8
8
17
66
23
18
24
65
8
2
31
1493
37
10
523
331
292
1265
454
323
10
2
58
89
15
49
70
49
201
1257
62
68
59
11
2
44
45
54
117
18
11
0
0
39
0
44
36
322
145
68
39
58
0
56
56
56
56
56
26
26
26
26
26
26
257
259
26
26
11
8
55
1004
67
859
174
21
612
74
68
27
57
22
124
65
176
19
34
21
21
11
309
306
314
270
379
381
296
305
1048
313
376
369
341
282
473
65
33
60
44
88
40
23
93
98
46
49
45
37
44
75
13
8
46
46
8
8
8
46
8
27
74
52
58
58
108
58
56
86
94
97
89
77
30
103
73
195
226
106
192
39
34
69
51
14
144
47
66
34
31
36
27
36
14
297
352
357
350
446
330
349
178
27
196
255
127
150
27
40
37
106
38
99
33
48
53
76
3
2
2
2
26
142
97
339
5
81
2
2
2
607
364
355
296
361
335
37
9
11
115
437
7
41
86
35
58
42
40
47
44
55
42
56
53
48
64
404
114
8
257
55
129
477
39
55
62
43
233
21
180
70
0
0
24
23
20
9
76
81
57
115
100
86
149
72
109
87
41
48
37
45
52
56
165
28
57
73
160
81
601
177
8
46
7
14
14
7
7
7
25
149
89
89
89
166
28
220
206
75
221
137
135
117
259
81
289
204
201
79
110
141
157
8
16
186
69
16
2
52
170
2
250
23
99
42
46
0
0
0
31
54
85
76
28
129
0
0
0
22
118
95
49
120
277
245
550
29
212
166
70
24
136
95
100
13
2
2
2
166
103
89
89
89
89
89
89
7
11
0
184
163
141
36
37
23
24
28
21
23
21
49
52
26
26
26
50
61
5
201
776
29
23
40
27
54
54
46
100
14
52
75
75
75
51
127
59
278
2
1748
23
850
16
53
52
24
512
0
0
101
152
44
2
47
106
35
1292
16
70
27
69
985
1
4
29
3
21
19
25
2
1201
13
23
11
1420
8
11
52
39
24
25
55
0
5
327
30
69
25
70
380
42
26
15
1518
38
20
27
4
18
13
10
172
45
67
60
233
99
1368
65
377
77
93
1049
384
24
11
32
24
24
184
70
32
93
221
150
49
682
90
23
22
20
20
22
48
22
28
25
27
340
7
11
323
2
27
60
1
41
6
14
40
4
436
40
8
4
95
4
6
133
1032
14
10
102
9
25
24
4
457
5
56
10
72
4
20
22
17
70
14
30
24
14
73
362
16
4
129
31
10
23
93
5
131
512
29
55
6
124
115
181
10
26
33
123
2
120
26
46
5
95
96
72
111
249
242
15
5
146
13
35
0
25
5
87
95
50
18
87
114
2
122
52
89
6
33
194
145
99
206
34
43
72
175
45
127
52
155
11
94
95
35
156
16
32
2
120
54
32
42
124
5
20
42
252
18
53
29
22
0
122
28
18
88
33
24
113
35
66
128
47
11
60
21
86
20
258
520
4599
135
104
7
6
14
333
193
147
33
221
386
72
21
17
83
16
2
49
91
110
19
1
26
11
103
69
79
147
13
3398
33
142
42
80
42
99
15
83
100
140
164
38
24
12
153
240
24
4
317
30
137
114
20
16
35
49
83
67
266
14
90
25
109
53
73
165
39
48
10
102
161
145
1
80
106
90
26
98
129
19
92
19
103
12
103
16
45
24
11
22
35
10
171
88
25
14
41
7
49
44
27
60
120
415
35
60
22
151
59
97
60
46
60
117
31
60
60
61
45
216
13
11
41
51
28
152
216
26
32
0
49
797
115
19
75
35
46
46
12
115
0
109
7
27
13
0
8
210
176
51
12
20
60
56
48
15
35
82
23
60
26
167
100
224
40
234
133
23
15
10
32
8
20
68
30
285
10
670
13
96
0
6
118
62
8
51
24
10
130
24
23
35
189
1385
31
54
86
28
84
83
15
22
23
22
23
23
156
29
35
30
31
174
30
33
35
31
27
34
31
30
32
36
38
31
28
30
36
87
34
16
33
32
43
33
34
34
36
32
30
35
30
29
27
198
39
46
65
105
119
6
77
81
41
41
33
26
79
28
28
31
37
33
29
34
906
42
118
33
10
29
34
29
29
31
31
31
29
30
10
11
6
9
4
11
7
66
558
36
139
64
57
70
38
32
30
30
56
137
30
31
38
29
31
30
31
29
29
31
29
27
505
66
133
13
54
34
66
295
19
3579
48
50
13
89
34
0
25
45
49
50
49
50
53
49
48
64
51
45
38
46
49
50
50
0
50
52
49
48
49
49
47
47
48
47
49
47
112
47
51
47
51
48
366
0
80
43
60
41
198
90
470
235
173
107
0
0
0
0
5612
0
0
0
0
0
19
105
166
78
76
19
0
11
1
2
67
6
29
100
95
51
44
21
339
2
2
2
138
2
20
897
48
0
133
11
48
73
101
189
12
45
45
996
142
181
19
0
48
82
88
48
582
188
46
60
27
27
27
27
27
27
27
41
0
6
48
15
19
97
825
7
90
40
89
83
39
85
66
102
81
85
80
79
0
640
23
106
1151
65
119
124
128
88
88
84
85
85
26
42
17
57
15
26
30
97
1266
85
0
0
0
29
79
42
78
78
91
0
8
7
23
34
83
324
0
900
91
2
56
20
1
25
53
16
16
73
16
22
39
35
17
6
17
18
12
16
17
18
15
37
63
59
66
46
16
16
16
46
32
24
16
91
79
1481
5
57
71
32
0
0
17
0
0
0
0
0
33
0
157
0
0
0
22
0
0
0
0
107
296
3
76
6
26
98
7
814
29
45
34
19
91
1092
7
1149
90
10
185
86
13
39
25
25
25
25
192
76
2225
12
4
4
38
6
10
28
48
10
328
16
38
38
5
5
5
5
5
5
5
5
5
5
0
85
83
55
65
57
53
7
20
94
64
67
61
79
35
18
16
11
35
17
16
16
16
33
16
16
16
23
16
16
16
16
10
24
16
16
16
20
32
16
16
25
111
39
191
264
402
67
246
40
67
52
35
85
79
79
88
66
15
7
75
76
93
119
79
142
103
162
65
41
86
43
334
88
18
21
39
198
11592
33
66
26
15
1817
64
96
66
124
200
38
5
5
5
20
2
45
94
14
34
0
7
63
10
95
20
83
13
1
67
97
67
104
129
61
418
91
94
400
190
260
995
154
262
270
326
262
298
284
290
260
284
270
951
190
290
191
314
402
190
932
262
1536
67
7
7
7
7
7
15
16
89
41
88
729
37
51
69
57
78
87
13
32
25
97
449
69
150
75
76
46
92
0
0
19
0
58
67
16
52
16
16
9
178
25
12
232
25
16
32
7
13
22
23
28
28
31
16
23
16
24
22
19
30
30
32
28
29
21
144
827
7
7
7
7
7
16
0
53
20
5
12
13
9
13
190
14
16
19
27
531
156
77
102
204
585
90
110
127
64
130
89
321
391
130
21
23
25
25
23
25
21
68
930
2
1046
44
191
0
35
113
166
340
128
179
51
103
24
24
36
20
25
22
77
24
86
69
199
15
101
101
101
101
101
101
101
101
325
53
51
0
48
774
46
122
6
105
82
1057
55
79
2
205
69
49
86
267
50
142
64
6
35
0
92
1372
93
91
91
93
91
91
93
91
91
91
91
91
91
91
445
147
388
13
279
74
48
473
229
0
32
28
134
37
57
57
57
54
33
163
620
615
25
203
294
62
27
23
2
71
96
731
111
529
8
91
41
11
195
14
75
475
140
36
15
635
255
591
220
536
60
557
569
652
628
117
68
68
68
69
69
45
60
6
78
876
43
0
58
698
76
45
64
50
61
37
21
360
237
67
1121
0
50
22
43
34
2673
9
52
2
437
53
156
83
49
45
63
128
69
163
117
143
117
132
139
103
152
133
0
39
2160
20
15
0
0
112
112
112
111
104
102
102
102
26
26
68
606
112
112
112
112
112
0
31
22
471
71
76
91
94
91
94
91
94
91
93
91
94
94
94
93
91
94
94
94
94
94
91
94
91
94
91
92
91
94
91
94
94
94
94
93
94
94
94
31
31
150
68
128
17
68
105
1173
139
91
65
88
25
46
78
20
24
24
25
84
26
17
27
25
75
32
1
0
15
1
222
71
150
32
23
43
668
42
68
87
87
87
87
87
44
16
665
95
127
140
168
86
150
19
285
9
19
19
12
19
86
59
144
123
66
61
61
15
14
198
17
14
16
16
625
14
17
23
23
25
60
90
87
131
804
191
61
61
31
125
75
67
91
57
57
57
57
46
427
609
177
726
493
662
111
16
644
17
102
73
134
125
53
115
106
53
51
57
128
128
113
128
82
906
1545
335
138
143
14
628
690
102
70
26
25
31
47
51
49
20
156
0
50
48
20
39
44
51
47
48
48
47
38
46
50
55
112
46
49
51
55
90
45
47
45
48
47
48
46
50
48
114
38
46
401
45
282
21
46
37
46
41
23
236
569
218
42
6
0
0
0
0
0
0
0
0
0
25
76
23
5
81
65
54
607
73
181
282
86
68
149
46
5
76
2
46
25
0
19
880
951
0
0
322
50
40
9
43
0
91
87
46
46
300
17
26
132
43
45
0
27
27
27
44
1885
27
27
6
0
1368
20
37
37
37
37
37
37
37
37
632
48
477
45
330
398
614
98
48
48
306
17
19
97
10
45
105
312
121
53
41
42
46
90
45
481
146
90
131
102
132
90
87
140
16
164
87
112
92
246
208
10
103
173
114
29
84
108
0
131
131
132
129
67
108
66
64
66
85
86
65
59
67
56
69
58
77
58
57
54
98
65
75
74
65
52
132
64
66
65
63
65
63
51
64
72
50
40
24
51
24
50
62
51
636
126
88
128
189
139
176
125
139
21
90
151
139
129
140
124
82
6
120
245
497
34
141
256
102
120
93
166
94
113
98
135
126
99
22
86
91
121
98
98
83
120
84
109
0
93
109
125
91
212
142
152
134
102
105
107
28
23
140
140
82
89
137
200
169
92
62
54
29
21
94
71
317
115
108
136
284
220
105
353
97
94
102
582
92
6
6
6
6
6
6
94
91
77
93
94
105
102
90
211
22
30
37
113
16
35
128
98
41
84
47
38
91
170
7
74
0
135
100
93
33
90
92
16
92
247
91
94
1
53
55
78
1
1
4
33
47
8
199
106
82
104
82
96
82
104
50
28
34
23
242
109
35
91
102
0
30
61
61
49
0
95
28
374
393
17
30
60
86
104
86
28
90
125
124
38
161
0
909
93
28
175
92
159
27
38
88
39
0
0
0
45
89
131
133
36
29
84
79
157
102
48
60
45
61
64
45
0
4
2
37
45
0
5
43
43
45
60
21
64
39
45
50
45
38
39
33
37
40
38
43
45
45
39
94
30
3
0
0
0
0
48
60
45
60
149
133
118
118
88
122
109
5
18
18
58
85
104
85
45
120
24
106
92
51
48
91
85
106
52
0
22
144
129
117
21
23
28
11
30
15
101
16
16
128
16
85
97
11
12
57
77
111
166
0
13
110
11
14
44
137
99
662
0
119
123
0
130
214
21
141
127
204
101
204
89
214
2
101
20
125
14
28
133
28
0
0
82
0
0
127
87
220
6
13
22
117
7
4
21
81
112
133
101
85
0
93
12
175
25
4
204
32
268
32
107
61
101
100
258
21
95
86
256
148
16
114
25
407
116
98
20
118
48
113
40
28
71
118
19
32
96
85
0
44
112
271
0
19
63
14
60
113
262
119
141
112
103
82
129
2
368
14
44
46
46
46
45
90
0
0
0
0
115
106
22
19
19
100
128
12
101
122
18
84
115
78
111
101
84
1
157
111
108
121
4
5
92
4
3
0
133
105
159
0
0
143
0
148
66
28
32
123
102
24
104
110
28
97
0
107
101
115
4
128
140
128
84
28
22
173
0
15
16
14
14
181
437
205
429
181
131
10
64
67
78
177
156
179
172
214
267
228
95
127
228
229
22
140
136
85
140
149
222
267
135
87
225
243
128
149
233
189
144
130
238
223
225
130
122
91
151
238
141
242
28
208
199
130
93
215
61
96
204
130
91
117
227
23
140
267
28
80
3
3
0
0
0
666
0
584
30
17
9
20
17
11
117
35
44
44
104
26
37
24
24
84
64
130
137
222
159
228
133
141
83
211
0
59
55
53
59
2
0
162
110
0
15
9
10
25
195
152
165
94
1
2
18
33
28
32
63
42
48
38
59
45
43
45
66
45
30
94
0
0
174
81
3
53
51
57
78
78
35
21
96
78
122
3
30
30
30
124
40
25
100
94
3
108
98
13
19
71
24
31
38
25
2
63
63
92
65
78
80
37
28
34
29
28
3
28
0
0
85
36
89
28
78
21
0
148
147
262
15
30
138
52
61
37
39
45
39
45
38
43
33
45
38
33
42
45
43
37
43
36
53
37
45
37
38
60
38
36
45
38
36
45
38
10
109
60
22
109
6
15
100
45
106
100
45
38
45
43
45
43
45
45
38
36
48
39
67
123
37
44
3
80
41
129
106
87
87
87
87
87
2
35
99
59
130
63
48
48
3
108
122
337
107
12
100
73
67
150
134
100
24
21
30
18
14
27
0
0
0
58
51
0
0
6
0
4
100
34
36
35
78
405
76
74
74
67
27
0
4
0
0
0
0
0
0
0
12
8
100
6
69
0
106
61
31
51
16
3
0
72
108
67
136
20
64
81
119
38
0
105
0
7
35
20
28
30
30
0
87
105
121
106
108
0
133
24
24
47
0
2
20
19
18
32
98
0
126
109
83
100
87
0
133
131
133
131
131
133
131
0
96
19
0
54
55
78
365
0
120
59
9
29
46
37
55
57
102
11
38
0
133
21
86
30
39
38
34
12
24
6
26
37
80
0
64
73
80
65
20
78
131
286
159
139
83
38
29
38
77
18
42
42
87
74
76
96
22
32
59
62
24
20
6
8
7
7
35
55
55
117
32
30
40
34
39
39
40
24
28
36
16
20
41
53
45
84
55
10
0
0
0
159
53
43
44
37
39
60
39
48
43
35
45
47
60
39
20
24
55
64
53
28
365
30
84
84
84
84
90
84
108
84
84
112
84
101
31
185
6
55
192
20
32
104
104
43
39
61
55
109
101
110
98
92
98
94
98
86
86
23
55
183
37
48
45
38
63
45
45
37
45
38
47
45
40
45
45
45
45
91
104
82
92
80
94
95
98
90
80
77
80
80
54
355
93
99
80
72
82
0
0
4
74
90
4
0
217
416
77
77
70
355
101
30
30
30
30
71
3818
74
112
101
53
98
62
44
85
162
30
39
125
33
54
105
82
73
53
0
3
99
63
0
213
185
215
175
150
146
218
188
230
443
145
0
68
36
35
78
38
57
55
71
44
265
50
53
0
0
3
228
146
165
267
214
223
133
136
165
22
127
120
228
83
106
96
88
84
98
92
84
69
6
6
6
6
6
77
69
2
178
6
19
19
19
127
55
63
45
36
40
45
39
45
38
33
33
82
82
105
106
82
343
390
264
66
379
482
19
24
29
177
100
118
116
125
125
116
127
94
127
127
127
24
0
75
31
31
78
31
43
31
31
31
31
7
12
282
19
273
7
366
1930
27
122
47
47
47
49
81
53
98
97
59
40
7
13
463
264
103
162
0
48
158
105
130
9
4
230
35
35
187
20
81
82
17
16
83
86
155
82
150
756
756
80
756
91
83
80
69
72
86
149
51
51
77
26
23
51
130
140
162
32
43
32
52
47
32
71
34
32
127
51
51
51
51
51
51
155
17
32
113
183
98
14
16
21
3
16
3
397
72
13
22
40
107
22
22
22
25
22
77
260
7
10
17
72
17
69
205
275
51
3
21
150
165
311
311
324
324
30
324
311
324
38
130
16
22
16
30
15
1
32
32
30
0
800
23
25
131
131
131
131
131
131
130
131
131
131
131
130
131
131
131
130
131
21
21
17
0
3
18
104
104
104
104
104
104
104
104
31
83
31
157
17
17
118
0
0
0
0
0
0
0
0
0
0
0
0
0
0
0
0
0
34
17
0
497
17
137
17
0
37
23
127
30
744
242
17
140
77
74
75
80
72
143
0
0
0
17
74
956
46
43
27
27
0
80
93
17
138
32
451
52
110
67
66
68
74
0
32
32
32
36
36
34
32
34
32
32
42
32
72
55
63
32
243
170
51
80
35
74
13
194
70
54
32
96
49
64
72
32
32
126
0
35
43
80
44
81
47
81
48
17
102
28
43
17
22
91
90
83
86
79
193
86
1214
39
474
625
591
29
23
362
354
141
142
68
9
32
107
84
83
71
86
86
544
2
61
236
114
183
120
126
135
135
71
130
134
486
204
147
110
127
128
115
136
145
0
0
114
1277
9
96
131
96
23
30
0
111
89
93
63
92
93
78
30
88
75
85
66
82
106
704
89
83
66
97
66
96
95
66
66
96
65
384
43
241
43
39
569
49
80
136
80
125
71
44
86
98
89
62
204
130
123
134
131
43
272
3
80
33
89
71
89
17
18
36
65
636
56
9
83
21
81
85
17
11
17
28
28
85
50
39
18
57
57
62
58
854
418
95
68
45
34
89
242
183
128
0
395
83
1
43
82
85
84
82
82
85
34
0
92
113
95
656
1256
145
157
11
89
138
404
29
88
125
17
20
197
127
246
65
60
42
150
124
124
251
83
531
39
86
128
65
115
64
71
67
343
77
17
17
17
89
20
84
85
88
18
93
572
512
71
135
136
137
143
58
32
1145
46
32
80
34
32
32
74
56
127
3
0
19
147
169
185
134
111
293
190
62
22
56
7
210
44
44
44
44
131
26
226
287
260
98
140
168
66
17
37
37
37
67
92
17
147
65
190
105
208
768
165
83
35
35
46
17
89
109
31
17
13
130
34
30
56
44
283
565
44
55
123
124
176
39
17
131
144
252
118
26
26
1011
847
124
113
136
143
120
75
101
71
1097
667
86
87
113
128
138
115
88
87
51
51
51
7
51
51
9
51
51
51
51
51
51
1596
32
8
117
678
678
152
40
110
32
43
32
85
209
39
17
17
45
18
309
113
17
10
17
1
112
221
208
274
60
38
1
0
43
0
51
52
51
135
33
7
173
17
176
124
17
20
232
24
24
115
127
194
439
44
61
51
0
368
742
223
0
0
17
129
133
14
14
1
163
204
121
20
0
59
0
0
53
17
0
17
5
17
17
36
0
17
17
0
17
17
0
17
148
0
17
17
171
44
17
0
17
4
91
83
84
22
263
22
47
22
22
64
253
0
20
158
135
136
80
128
77
124
39
88
82
114
149
120
126
126
129
117
110
139
123
86
59
27
756
756
756
86
51
51
51
51
51
44
51
51
51
61
85
257
37
37
37
37
37
37
78
108
141
99
112
16
21
3
18
23
3
16
19
137
81
72
77
18
66
51
51
5
32
47
775
21
19
19
19
19
58
48
49
14
15
3
14
15
15
69
43
74
47
48
48
63
21
34
118
151
63
32
64
88
32
32
51
94
32
32
32
36
32
21
21
62
412
698
32
32
32
32
44
87
117
89
84
89
328
43
75
77
81
20
106
108
244
35
162
125
88
18
18
21
19
20
240
120
50
232
130
69
145
50
49
47
46
48
96
142
437
104
431
165
105
109
13
22
167
156
792
27
32
41
42
47
86
90
0
82
83
90
565
625
143
145
35
0
12
34
1010
161
81
81
81
85
5
17
82
185
121
243
17
111
147
17
118
142
42
58
16
30
37
22
22
56
0
40
10
44
44
44
44
43
44
44
44
44
44
44
44
44
44
44
81
51
61
49
65
41
68
32
38
32
32
32
39
35
110
104
139
83
100
48
72
72
72
74
71
64
126
109
141
109
144
152
114
17
17
16
16
166
111
1
95
235
40
39
52
1
42
53
29
120
78
78
678
40
187
200
21
21
53
47
359
60
46
59
49
0
0
0
0
0
0
0
0
0
0
0
0
0
0
599
0
556
32
23
43
42
93
671
69
3
41
20
238
51
23
156
23
34
7
45
84
81
678
125
17
88
17
17
51
17
166
46
72
77
59
108
45
91
123
28
29
6
32
127
125
176
51
55
38
32
19
24
15
15
22
14
17
16
66
42
40
365
14
92
42
273
167
342
53
53
44
59
83
120
105
79
135
17
0
51
51
51
51
18
310
14
22
3
67
13
20
98
183
105
57
8
1592
92
387
101
44
43
54
48
67
64
66
47
73
66
129
40
32
32
42
32
35
36
130
34
49
32
32
32
32
33
1345
16
50
57
41
13
142
47
47
77
23
32
77
158
76
126
28
80
40
41
35
13
3
45
120
275
342
54
54
39
21
21
50
55
56
0
352
449
466
402
255
28
5
289
60
44
60
44
174
51
36
51
74
51
51
51
51
51
51
51
51
50
17
148
155
89
459
35
35
51
58
32
32
68
32
32
300
311
155
14
14
3
35
37
32
84
38
38
1
21
31
35
49
51
54
52
57
54
46
0
32
11
77
123
126
77
44
52
75
49
35
40
38
116
120
19
63
40
39
40
309
37
37
37
34
0
18
15
18
17
408
343
404
353
48
58
58
87
21
85
85
85
173
149
143
135
223
0
0
0
0
0
0
237
17
20
112
641
59
48
155
23
23
496
551
95
48
138
34
83
75
76
51
51
51
51
51
51
51
51
50
93
82
59
18
19
127
21
57
57
57
335
0
0
0
0
0
66
34
146
115
48
46
24
41
154
1
23
32
54
61
51
108
137
121
124
91
1276
90
71
32
71
17
85
12
244
135
42
17
84
17
366
42
188
276
756
17
17
114
130
58
85
2781
57
17
51
39
51
331
176
378
386
401
364
447
468
388
434
333
1109
626
86
48
49
44
44
44
187
324
324
34
34
34
34
1761
34
131
131
131
131
131
131
131
131
131
131
131
131
19
19
14
112
0
0
0
43
104
32
58
44
51
35
51
51
51
51
51
51
51
51
51
51
51
51
44
51
51
51
34
49
51
51
51
51
37
51
51
46
63
112
40
91
32
0
0
5
32
48
22
72
86
64
66
66
98
96
95
105
43
115
107
80
43
124
25
38
178
86
86
1051
434
1138
5
0
3
3
3
3
39
51
201
693
819
28
713
42
42
42
613
39
42
418
861
335
24
24
24
24
20
25
25
24
25
25
25
25
45
56
33
52
49
80
48
68
41
48
55
38
59
60
38
37
42
38
52
37
50
37
12
13
182
228
231
47
52
93
81
81
81
225
195
426
183
683
2909
224
199
262
322
239
321
183
11
415
85
18
34
23
224
23
40
34
25
41
44
55
42
25
53
41
95
555
25
0
9
245
435
358
47
47
8
17
50
45
87
55
56
222
44
25
1025
167
0
44
126
40
34
23
39
53
683
141
327
257
142
4673
913
141
245
555
155
25
172
35
601
23
12
43
26
152
148
145
0
70
41
2
212
169
3
106
117
70
25
74
15
60
330
288
749
327
833
659
24
458
802
1233
693
561
40
33
39
41
43
38
48
80
27
1373
78
124
24
29
227
28
275
36
395
110
13
0
236
59
10
165
165
165
165
165
51
51
25
137
28
26
133
154
721
583
7
140
25
33
220
6
551
9
13
59
253
444
14
85
0
57
25
223
110
53
51
15
46
59
47
54
8
1122
51
42
44
1082
34
48
49
52
44
37
51
124
41
46
46
40
54
50
28
40
48
34
47
53
35
51
41
55
49
43
56
37
49
54
40
43
44
45
52
94
66
63
62
42
46
53
25
24
24
25
25
29
25
115
109
220
78
44
52
103
63
50
27
127
257
419
1365
482
131
975
239
401
225
23
147
147
147
147
147
147
147
50
215
595
0
30
59
33
28
39
38
194
17
238
32
0
324
101
398
396
279
48
101
631
1138
270
238
140
979
457
186
269
230
475
185
782
24
187
32
757
31
614
532
719
628
43
32
39
623
51
14
0
6
48
6
10
12
12
98
152
639
30
335
206
50
52
56
44
156
155
34
254
63
236
308
38
31
42
29
25
24
0
26
26
152
82
311
168
4
55
25
27
22
0
46
69
37
354
19
1
19
67
61
36
43
301
103
410
21
81
270
9
1131
1266
47
25
58
26
36
159
73
1
2
22
42
6
61
103
371
308
25
560
10
0
89
25
5
5
40
33
0
12
8
6
12
26
136
25
10
905
62
6
25
29
165
143
38
34
410
5
514
214
5
1
8
1502
46
1484
162
162
1738
0
240
313
71
128
103
21
3
25
5
81
70
116
52
54
54
715
24
150
748
21
27
23
22
28
30
5
550
5
117
24
26
33
21
5
40
98
23
19
22
33
37
15
16886
27
8
58
50
9
98
9
717
10
5
99
222
34
151
24
11
149
106
153
126
61
32
87
166
176
60
5
6
21
66
15
86
95
31
26
23
20
117
17
11
113
20
50
198
5
124
21
40
1050
103
1
389
8
96
120
5
121
101
315
45
35
40
7
139
40
120
24
102
91
97
122
334
36
127
122
94
0
68
145
7
24
17
18
60
136
117
7
142
80
30
32
104
104
17
214
5
123
216
11
6
64
123
15
21
41
3
42
0
155
15
38
767
44
48
14
31
68
4
191
101
19
77
61
26
15
20
20
109
17
3008
37
1019
23
67
2498
158
2
15
124
45
22
5
11
39
33
87
17
40
1
38
96
46
298
18
84
33
88
158
1
5
102
28
20
1
98
1464
493
8
54
95
97
54
77
36
36
60
166
116
91
84
88
53
30
87
3
29
34
59
6
52
27
130
176
66
135
26
23
28
24
0
19
25
36
4
18
97
73
130
46
12
5
17
26
39
86
32
102
93
117
90
211
118
70
35
87
48
39
69
60
69
36
151
60
85
43
8
55
22
44
60
88
60
34
175
58
35
18
126
15
18
16
6
30
132
267
72
36
43
165
163
23
289
30
155
49
14
12
32
70
24
126
189
24
60
0
45
92
22
208
70
101
72
302
42
36
31
110
21
26
48
46
29
22
130
123
24
89
47
34
182
169
42
83
60
114
102
58
108
142
19
20
99
62
52
29
71
10
106
88
105
0
210
113
118
38
60
2
38
23
17
483
0
22
31
45
17
30
76
16
526
24
32
28
506
47
74
9
146
93
134
70
26
132
13
79
13
12
10
13
12
10
10
12
10
714
1
22
406
80
96
12958
54
12
13
10
272
12
12
13
12
12
185
0
6
701
6
4
0
129
812
401
104
76
39
47
978
27
93
43
23
62
2
265
135
0
97
168
2
102
42
63
6
5
136
3
164
11
0
0
0
0
0
0
0
0
2
942
308
123
81
35
43
48
54
29
7
28
7
15
49
54
103
0
511
15
350
83
71
0
35
28
46
26
22
18
16
26
21
12
61
13
83
68
47
229
35
7
61
2579
271
231
25
48
55
406
77
35
281
13
12
12
12
12
0
95
101
201
438
1155
0
6
79
383
9
19
0
47
280
170
27
63
4
50
68
78
58
13
71
59
5
579
186
596
25
571
25
25
25
25
9
72
74
133
75
80
80
81
23
26
101
7
230
7
36
455
120
30
869
2454
42
62
3
215
14
114
91
88
160
38
19
294
26
25
12
0
1122
26
444
187
6
285
650
117
6
14
1084
37
173
1632
1107
910
176
503
6
3
25
34
47
9
21
76
1413
35
43
10
133
77
17
148
3
76
9
149
120
374
40
100
151
119
548
248
99
440
2381
459
97
1145
11
121
914
159
130
27
28
0
96
775
5
5
6
3
2
1
507
28
7
228
2
15
3
92
10
65
725
30
26
29
79
62
34
44
41
241
45
131
11
83
0
103
103
103
103
543
912
27
89
365
377
435
376
405
365
50
25
25
41
63
385
758
31
69
39
44
59
1160
1
29
9
2089
135
135
135
135
17
68
1395
135
135
460
478
384
446
262
937
18
77
25
1198
13
12
39
345
268
98
187
664
375
65
230
618
125
25
135
135
15
170
743
83
22
0
1832
74
932
1251
99
132
133
132
2430
4
1030
39
29
121
264
22
8
8
7
8
7
8
25
25
25
21
956
8
9
10
17
16
33
1665
0
76
1032
146
124
95
8
1022
8
0
25
25
25
25
74
81
22
24
28
36
697
9
26
44
313
27
22
44
238
59
21
10
801
19
206
68
45
19
65
29
62
12
8
51
0
10
10
10
10
10
139
35
43
9
178
90
18
153
135
25
57
53
11
13
16
16
13
13
55
52
38
7
7
7
7
7
79
278
612
612
24
12
25
50
161
200
251
66
70
9
12
50
139
163
25
25
1271
593
22
36
68
84
11
0
16
23
54
66
121
97
34
37
21
66
18
848
25
25
25
25
25
110
8
69
6
86
2
34
83
83
31
54
178
7
7
63
19
25
25
875
31
22
25
40
13
45
24
46
66
32
7
8
109
20
21
26
0
58
68
14
50
37
4
4
4
4
68
4
4
4
11
11
11
11
4
234
2
13
26
39
143
53
4
4
33
14
48
31
0
0
0
0
0
19
100
4
4
4
4
4
7
32
4
4
93
4
4
31
5
27
60
29
56
20
99
17
26
23
101
4
2
4
19
4
101
13
32
5
107
99
122
106
127
146
121
85
106
125
159
56
79
57
4
4
63
4
29
122
9
58
14
18
11
22
42
4
212
5
35
4
4
2
15
35
36
12
12
4
49
5
4
5
14
4
35
4
0
0
7
4
92
99
15
7
12
25
65
4
51
25
28
25
16
12
12
12
30
12
12
12
59
49
75
49
53
21
53
96
12
12
17
15
50
67
51
51
51
51
53
50
51
51
51
53
53
110
51
51
51
67
51
51
51
51
312
86
83
4
4
4
4
4
0
101
5
39
36
66
45
228
320
36
36
36
34
4
35
42
30
0
28
12
12
23
12
17
32
32
101
121
102
24
16
54
94
71
124
114
106
24
18
47
49
23
24
110
110
4
2
239
39
77
153
111
116
111
117
100
109
110
110
112
109
105
96
120
68
153
126
91
40
71
4
4
97
18
4
26
0
5
4
25
13
15
27
5
31
5
12
12
33
12
12
12
12
12
23
12
12
12
12
33
23
12
98
87
86
4
88
5
36
59
28
90
12
150
55
56
4
4
4
4
4
4
15
59
54
99
378
4
4
4
4
4
4
4
69
4
42
42
125
34
62
132
132
132
7
67
56
110
40
73
66
146
96
105
4
29
37
4
4
12
88
4
4
4
4
38
34
32
12
106
103
196
49
45
54
47
60
45
43
51
51
51
51
51
51
51
51
51
57
51
396
0
65
70
67
81
60
59
66
56
62
58
59
61
60
80
61
20
66
65
75
59
62
45
61
2766
47
9
38
39
31
61
61
61
61
61
61
49
63
0
56
43
52
9
156
57
44
6
0
50
94
54
52
51
59
33
75
2
10
61
50
27
57
13
16
60
106
22
22
22
22
22
22
57
0
7
284
2
71
25
55
75
63
0
121
43
61
61
60
61
61
61
61
61
61
26
2
168
296
310
43
656
39
185
18
2
61
19
15
59
59
62
13
59
67
59
3
43
53
13
0
0
0
22
22
351
22
61
61
58
61
7
61
58
0
0
0
56
56
56
3
53
12
28
46
9
50
57
0
0
16
0
0
6
71
60
86
79
36
52
53
52
52
2
60
60
60
60
53
52
31
57
14
39
39
48
48
48
39
39
48
39
48
50
0
7
0
0
0
0
16
29
19
41
43
34
40
33
36
29
2
10
13
162
5
5
5
166
57
53
60
53
6
162
8
710
5
75
60
47
15
69
0
0
61
62
61
62
62
61
62
62
61
62
61
61
62
62
0
24
0
22
22
68
38
61
61
61
61
61
2
246
219
235
247
142
205
276
365
249
891
238
776
359
277
524
292
208
145
569
317
166
31
31
31
31
31
31
161
161
161
468
9
22
22
149
149
149
0
0
57
19
7
15
5
53
177
12
0
14
3
57
0
21
16
48
13
20
19
43
5
5
371
5
56
43
22
0
467
23
0
58
61
57
61
0
81
58
84
87
0
0
19
57
25
24
76
66
81
101
81
57
61
61
15
0
41
10
82
53
0
57
154
32
6
57
0
2281
57
59
8
90
20
89
93
56
61
0
0
0
0
116
61
61
61
2
61
61
60
0
57
46
238
8
0
0
55
55
51
51
53
58
169
195
502
121
0
0
0
0
8
60
36
54
48
48
61
61
60
61
0
19
5
5
5
28
29
887
42
14
39
2
2
2
4
0
5
52
13
125
105
640
144
400
235
67
4
263
40
0
55
256
481
581
814
147
181
792
659
253
0
0
164
6
6
32
120
26
1545
3
6
29
22
83
12
740
122
45
63
51
67
225
35
12
32
27
26
579
0
17
28
32
21
26
26
25
26
191
419
13
176
483
31
360
366
53
45
16
1404
605
241
18
25
22
30
24
0
0
29
26
319
321
391
445
131
258
291
37
0
0
0
0
318
28
80
127
0
37
16
51
174
0
0
0
0
0
221
139
369
111
322
28
144
210
2
20
26
220
27
111
32
177
206
952
315
18
162
5
59
358
323
424
390
391
395
354
514
6
306
392
382
395
131
239
74
143
169
35
35
35
0
0
0
0
0
0
0
0
30
15
4
379
233
53
99
29
74
22
348
441
139
156
215
20
134
0
0
0
0
0
0
0
0
13
18
47
0
0
0
0
0
0
0
0
0
0
0
0
0
0
0
0
0
0
0
0
0
25
0
0
0
0
0
0
0
0
0
0
0
0
0
0
0
0
0
0
0
0
0
0
0
0
0
0
0
0
0
37
90
22
63
64
165
483
205
282
339
161
228
149
893
280
70
45
11
129
127
58
340
41
51
30
33
56
65
29
191
167
101
362
113
167
177
6
0
20
395
292
228
263
23
15
410
38
22
33
63
52
24
33
33
33
33
11
33
35
35
35
14
0
0
0
0
0
0
0
0
0
0
0
0
0
0
0
0
0
0
0
0
0
0
0
23
25
0
363
395
86
130
127
171
0
0
236
113
112
18
125
38
0
0
0
0
0
0
191
33
0
0
0
0
0
0
0
162
170
141
388
350
344
367
244
325
254
133
376
275
430
376
328
16
566
36
493
439
32
0
0
0
0
0
33
0
34
0
0
0
0
0
30
102
127
0
0
0
0
0
1617
15
14
39
13
193
235
414
378
169
202
351
362
282
401
219
13
0
30
159
309
135
168
301
245
362
294
410
420
220
385
436
100
93
568
423
777
470
227
276
0
31
36
0
6
4
4
126
135
126
18
595
36
32
31
64
20
20
18
20
28
103
30
169
125
395
55
141
15
26
407
40
277
402
177
66
136
241
315
297
293
255
148
89
156
14
0
424
353
323
0
196
16
335
406
413
422
0
0
0
0
12
41
45
0
0
0
0
0
142
132
329
64
64
68
55
162
29
302
279
141
36
30
429
425
274
266
285
259
306
220
33
27
21
233
195
271
0
0
0
0
0
0
0
0
0
0
99
8
131
4168
130
8
8
8
8
518
2494
8
80
0
26
34
34
34
35
62
481
1019
416
43
25
6592
51
80
573
0
67
0
0
373
35
335
839
1617
2
255
21
900
0
0
34
125
344
20
30
25
632
480
31
160
6
106
104
684
8
148
54
2
15
15
3
35
15
21
16
21
16
21
21
21
21
21
98
21
56
21
86
8
8
6
21
21
21
21
21
21
80
19
293
137
0
8
67
694
52
53
3110
3817
34
2063
14
31
111
0
0
134
343
15
216
3572
48
50
48
48
49
48
115
1006
271
0
285
892
519
36
222
183
82
171
258
21
67
108
21
21
21
21
21
21
20
21
51
183
8
8
56
21
80
21
21
21
55
6
33
261
15
27
965
976
15
13
107
17
115
115
17
29
36
29
3
62
98
329
367
23
6
0
137
76
27
618
128
30
563
34
30
0
4
38
9
2
4
15
239
13
127
136
18
2
1766
388
253
700
201
363
150
903
32
264
1539
4
415
239
568
166
841
225
105
493
878
114
669
12
13
25
14
411
34
29
13
4
7
7
7
3
3
6
81
131
191
176
514
269
15
31
26
29
28
0
0
29
28
31
29
867
13
125
34
26
256
0
1484
230
99
268
200
13
70
22
22
22
349
1
140
29
13
0
0
0
0
0
128
18
239
356
0
0
0
28
0
0
0
16
19
126
90
0
0
25
241
0
12
0
18
